{"meta": {"format": 3, "version": "7.13.2", "timestamp": "2026-02-16T07:12:31.044562", "branch_coverage": true, "show_contexts": false}, "files": {"src/graphforge/api.py": {"executed_lines": [6, 7, 8, 10, 12, 13, 14, 15, 16, 17, 18, 19, 37, 40, 42, 43, 44, 46, 48, 50, 53, 56, 58, 59, 60, 62, 63, 65, 67, 69, 71, 74, 77, 79, 80, 81, 83, 85, 89, 91, 94, 97, 99, 100, 101, 103, 105, 107, 110, 126, 156, 157, 161, 163, 164, 166, 167, 170, 171, 172, 173, 176, 179, 180, 183, 184, 185, 186, 188, 189, 212, 215, 217, 218, 219, 221, 235, 237, 255, 258, 261, 263, 265, 266, 267, 269, 270, 271, 274, 276, 277, 280, 283, 284, 287, 289, 291, 336, 339, 342, 349, 352, 354, 356, 394, 396, 399, 402, 405, 414, 417, 419, 421, 435, 436, 439, 440, 443, 444, 447, 448, 451, 452, 455, 456, 457, 458, 459, 460, 461, 462, 465, 466, 468, 469, 474, 475, 478, 479, 483, 484, 485, 486, 488, 489, 490, 491, 493, 497, 498, 500, 501, 502, 503, 505, 508, 511, 517, 536, 537, 540, 541, 543, 558, 559, 562, 563, 566, 567, 569, 588, 589, 592, 595, 596, 599, 600, 602, 615, 617, 618, 621, 623, 624, 626, 632, 635, 636, 638, 639, 640, 643, 646, 647, 648, 650, 658, 660, 662, 665, 666, 669, 670, 673], "summary": {"covered_lines": 204, "num_statements": 216, "percent_covered": 92.33333333333333, "percent_covered_display": "92.33", "missing_lines": 12, "excluded_lines": 0, "percent_statements_covered": 94.44444444444444, "percent_statements_covered_display": "94.44", "num_branches": 84, "num_partial_branches": 11, "covered_branches": 73, "missing_branches": 11, "percent_branches_covered": 86.9047619047619, "percent_branches_covered_display": "86.90"}, "missing_lines": [47, 64, 66, 68, 84, 86, 104, 158, 395, 397, 470, 471], "excluded_lines": [], "executed_branches": [[46, 48], [62, 63], [62, 69], [63, 65], [65, 67], [67, 62], [83, 85], [85, 89], [103, 105], [156, 157], [156, 161], [157, 161], [161, 163], [161, 170], [263, 265], [263, 280], [266, 267], [266, 274], [269, 270], [283, 284], [283, 287], [394, 396], [396, 399], [435, 436], [435, 439], [439, 440], [439, 443], [443, 444], [443, 447], [447, 448], [447, 451], [451, 452], [451, 455], [455, 456], [455, 457], [457, 458], [457, 459], [459, 460], [459, 461], [461, 462], [461, 465], [468, 469], [468, 474], [474, 475], [474, 478], [478, 479], [478, 511], [488, 489], [488, 497], [500, 501], [500, 508], [536, 537], [536, 540], [558, 559], [558, 562], [562, 563], [562, 566], [588, 589], [588, 592], [595, 596], [595, 599], [615, -602], [615, 617], [617, 618], [617, 621], [638, 639], [638, 643], [646, 647], [646, 660], [665, 666], [665, 669], [669, 670], [669, 673]], "missing_branches": [[46, 47], [63, 64], [65, 66], [67, 68], [83, 84], [85, 86], [103, 104], [157, 158], [269, 271], [394, 395], [396, 397]], "functions": {"QueryInput.validate_query": {"executed_lines": [46, 48], "summary": {"covered_lines": 2, "num_statements": 3, "percent_covered": 60.0, "percent_covered_display": "60.00", "missing_lines": 1, "excluded_lines": 0, "percent_statements_covered": 66.66666666666667, "percent_statements_covered_display": "66.67", "num_branches": 2, "num_partial_branches": 1, "covered_branches": 1, "missing_branches": 1, "percent_branches_covered": 50.0, "percent_branches_covered_display": "50.00"}, "missing_lines": [47], "excluded_lines": [], "start_line": 44, "executed_branches": [[46, 48]], "missing_branches": [[46, 47]]}, "NodeInput.validate_labels": {"executed_lines": [62, 63, 65, 67, 69], "summary": {"covered_lines": 5, "num_statements": 8, "percent_covered": 62.5, "percent_covered_display": "62.50", "missing_lines": 3, "excluded_lines": 0, "percent_statements_covered": 62.5, "percent_statements_covered_display": "62.50", "num_branches": 8, "num_partial_branches": 3, "covered_branches": 5, "missing_branches": 3, "percent_branches_covered": 62.5, "percent_branches_covered_display": "62.50"}, "missing_lines": [64, 66, 68], "excluded_lines": [], "start_line": 60, "executed_branches": [[62, 63], [62, 69], [63, 65], [65, 67], [67, 62]], "missing_branches": [[63, 64], [65, 66], [67, 68]]}, "RelationshipInput.validate_rel_type": {"executed_lines": [83, 85, 89], "summary": {"covered_lines": 3, "num_statements": 5, "percent_covered": 55.55555555555556, "percent_covered_display": "55.56", "missing_lines": 2, "excluded_lines": 0, "percent_statements_covered": 60.0, "percent_statements_covered_display": "60.00", "num_branches": 4, "num_partial_branches": 2, "covered_branches": 2, "missing_branches": 2, "percent_branches_covered": 50.0, "percent_branches_covered_display": "50.00"}, "missing_lines": [84, 86], "excluded_lines": [], "start_line": 81, "executed_branches": [[83, 85], [85, 89]], "missing_branches": [[83, 84], [85, 86]]}, "DatasetNameInput.validate_name": {"executed_lines": [103, 105], "summary": {"covered_lines": 2, "num_statements": 3, "percent_covered": 60.0, "percent_covered_display": "60.00", "missing_lines": 1, "excluded_lines": 0, "percent_statements_covered": 66.66666666666667, "percent_statements_covered_display": "66.67", "num_branches": 2, "num_partial_branches": 1, "covered_branches": 1, "missing_branches": 1, "percent_branches_covered": 50.0, "percent_branches_covered_display": "50.00"}, "missing_lines": [104], "excluded_lines": [], "start_line": 101, "executed_branches": [[103, 105]], "missing_branches": [[103, 104]]}, "GraphForge.__init__": {"executed_lines": [156, 157, 161, 163, 164, 166, 167, 170, 171, 172, 173, 176, 179, 180, 183, 184, 185, 186], "summary": {"covered_lines": 18, "num_statements": 19, "percent_covered": 92.0, "percent_covered_display": "92.00", "missing_lines": 1, "excluded_lines": 0, "percent_statements_covered": 94.73684210526316, "percent_statements_covered_display": "94.74", "num_branches": 6, "num_partial_branches": 1, "covered_branches": 5, "missing_branches": 1, "percent_branches_covered": 83.33333333333333, "percent_branches_covered_display": "83.33"}, "missing_lines": [158], "excluded_lines": [], "start_line": 126, "executed_branches": [[156, 157], [156, 161], [157, 161], [161, 163], [161, 170]], "missing_branches": [[157, 158]]}, "GraphForge.from_dataset": {"executed_lines": [212, 215, 217, 218, 219], "summary": {"covered_lines": 5, "num_statements": 5, "percent_covered": 100.0, "percent_covered_display": "100.00", "missing_lines": 0, "excluded_lines": 0, "percent_statements_covered": 100.0, "percent_statements_covered_display": "100.00", "num_branches": 0, "num_partial_branches": 0, "covered_branches": 0, "missing_branches": 0, "percent_branches_covered": 100.0, "percent_branches_covered_display": "100.00"}, "missing_lines": [], "excluded_lines": [], "start_line": 189, "executed_branches": [], "missing_branches": []}, "GraphForge.register_function": {"executed_lines": [235], "summary": {"covered_lines": 1, "num_statements": 1, "percent_covered": 100.0, "percent_covered_display": "100.00", "missing_lines": 0, "excluded_lines": 0, "percent_statements_covered": 100.0, "percent_statements_covered_display": "100.00", "num_branches": 0, "num_partial_branches": 0, "covered_branches": 0, "missing_branches": 0, "percent_branches_covered": 100.0, "percent_branches_covered_display": "100.00"}, "missing_lines": [], "excluded_lines": [], "start_line": 221, "executed_branches": [], "missing_branches": []}, "GraphForge.execute": {"executed_lines": [255, 258, 261, 263, 265, 266, 267, 269, 270, 271, 274, 276, 277, 280, 283, 284, 287, 289], "summary": {"covered_lines": 18, "num_statements": 18, "percent_covered": 96.15384615384616, "percent_covered_display": "96.15", "missing_lines": 0, "excluded_lines": 0, "percent_statements_covered": 100.0, "percent_statements_covered_display": "100.00", "num_branches": 8, "num_partial_branches": 1, "covered_branches": 7, "missing_branches": 1, "percent_branches_covered": 87.5, "percent_branches_covered_display": "87.50"}, "missing_lines": [], "excluded_lines": [], "start_line": 237, "executed_branches": [[263, 265], [263, 280], [266, 267], [266, 274], [269, 270], [283, 284], [283, 287]], "missing_branches": [[269, 271]]}, "GraphForge.create_node": {"executed_lines": [336, 339, 342, 349, 352, 354], "summary": {"covered_lines": 6, "num_statements": 6, "percent_covered": 100.0, "percent_covered_display": "100.00", "missing_lines": 0, "excluded_lines": 0, "percent_statements_covered": 100.0, "percent_statements_covered_display": "100.00", "num_branches": 0, "num_partial_branches": 0, "covered_branches": 0, "missing_branches": 0, "percent_branches_covered": 100.0, "percent_branches_covered_display": "100.00"}, "missing_lines": [], "excluded_lines": [], "start_line": 291, "executed_branches": [], "missing_branches": []}, "GraphForge.create_relationship": {"executed_lines": [394, 396, 399, 402, 405, 414, 417, 419], "summary": {"covered_lines": 8, "num_statements": 10, "percent_covered": 71.42857142857143, "percent_covered_display": "71.43", "missing_lines": 2, "excluded_lines": 0, "percent_statements_covered": 80.0, "percent_statements_covered_display": "80.00", "num_branches": 4, "num_partial_branches": 2, "covered_branches": 2, "missing_branches": 2, "percent_branches_covered": 50.0, "percent_branches_covered_display": "50.00"}, "missing_lines": [395, 397], "excluded_lines": [], "start_line": 356, "executed_branches": [[394, 396], [396, 399]], "missing_branches": [[394, 395], [396, 397]]}, "GraphForge._to_cypher_value": {"executed_lines": [435, 436, 439, 440, 443, 444, 447, 448, 451, 452, 455, 456, 457, 458, 459, 460, 461, 462, 465, 466, 468, 469, 474, 475, 478, 479, 483, 484, 485, 486, 488, 489, 490, 491, 493, 497, 498, 500, 501, 502, 503, 505, 508, 511], "summary": {"covered_lines": 44, "num_statements": 46, "percent_covered": 97.29729729729729, "percent_covered_display": "97.30", "missing_lines": 2, "excluded_lines": 0, "percent_statements_covered": 95.65217391304348, "percent_statements_covered_display": "95.65", "num_branches": 28, "num_partial_branches": 0, "covered_branches": 28, "missing_branches": 0, "percent_branches_covered": 100.0, "percent_branches_covered_display": "100.00"}, "missing_lines": [470, 471], "excluded_lines": [], "start_line": 421, "executed_branches": [[435, 436], [435, 439], [439, 440], [439, 443], [443, 444], [443, 447], [447, 448], [447, 451], [451, 452], [451, 455], [455, 456], [455, 457], [457, 458], [457, 459], [459, 460], [459, 461], [461, 462], [461, 465], [468, 469], [468, 474], [474, 475], [474, 478], [478, 479], [478, 511], [488, 489], [488, 497], [500, 501], [500, 508]], "missing_branches": []}, "GraphForge.begin": {"executed_lines": [536, 537, 540, 541], "summary": {"covered_lines": 4, "num_statements": 4, "percent_covered": 100.0, "percent_covered_display": "100.00", "missing_lines": 0, "excluded_lines": 0, "percent_statements_covered": 100.0, "percent_statements_covered_display": "100.00", "num_branches": 2, "num_partial_branches": 0, "covered_branches": 2, "missing_branches": 0, "percent_branches_covered": 100.0, "percent_branches_covered_display": "100.00"}, "missing_lines": [], "excluded_lines": [], "start_line": 517, "executed_branches": [[536, 537], [536, 540]], "missing_branches": []}, "GraphForge.commit": {"executed_lines": [558, 559, 562, 563, 566, 567], "summary": {"covered_lines": 6, "num_statements": 6, "percent_covered": 100.0, "percent_covered_display": "100.00", "missing_lines": 0, "excluded_lines": 0, "percent_statements_covered": 100.0, "percent_statements_covered_display": "100.00", "num_branches": 4, "num_partial_branches": 0, "covered_branches": 4, "missing_branches": 0, "percent_branches_covered": 100.0, "percent_branches_covered_display": "100.00"}, "missing_lines": [], "excluded_lines": [], "start_line": 543, "executed_branches": [[558, 559], [558, 562], [562, 563], [562, 566]], "missing_branches": []}, "GraphForge.rollback": {"executed_lines": [588, 589, 592, 595, 596, 599, 600], "summary": {"covered_lines": 7, "num_statements": 7, "percent_covered": 100.0, "percent_covered_display": "100.00", "missing_lines": 0, "excluded_lines": 0, "percent_statements_covered": 100.0, "percent_statements_covered_display": "100.00", "num_branches": 4, "num_partial_branches": 0, "covered_branches": 4, "missing_branches": 0, "percent_branches_covered": 100.0, "percent_branches_covered_display": "100.00"}, "missing_lines": [], "excluded_lines": [], "start_line": 569, "executed_branches": [[588, 589], [588, 592], [595, 596], [595, 599]], "missing_branches": []}, "GraphForge.close": {"executed_lines": [615, 617, 618, 621, 623, 624], "summary": {"covered_lines": 6, "num_statements": 6, "percent_covered": 100.0, "percent_covered_display": "100.00", "missing_lines": 0, "excluded_lines": 0, "percent_statements_covered": 100.0, "percent_statements_covered_display": "100.00", "num_branches": 4, "num_partial_branches": 0, "covered_branches": 4, "missing_branches": 0, "percent_branches_covered": 100.0, "percent_branches_covered_display": "100.00"}, "missing_lines": [], "excluded_lines": [], "start_line": 602, "executed_branches": [[615, -602], [615, 617], [617, 618], [617, 621]], "missing_branches": []}, "GraphForge._load_graph_from_backend": {"executed_lines": [632, 635, 636, 638, 639, 640, 643, 646, 647, 648, 650, 658, 660], "summary": {"covered_lines": 13, "num_statements": 13, "percent_covered": 100.0, "percent_covered_display": "100.00", "missing_lines": 0, "excluded_lines": 0, "percent_statements_covered": 100.0, "percent_statements_covered_display": "100.00", "num_branches": 4, "num_partial_branches": 0, "covered_branches": 4, "missing_branches": 0, "percent_branches_covered": 100.0, "percent_branches_covered_display": "100.00"}, "missing_lines": [], "excluded_lines": [], "start_line": 626, "executed_branches": [[638, 639], [638, 643], [646, 647], [646, 660]], "missing_branches": []}, "GraphForge._save_graph_to_backend": {"executed_lines": [665, 666, 669, 670, 673], "summary": {"covered_lines": 5, "num_statements": 5, "percent_covered": 100.0, "percent_covered_display": "100.00", "missing_lines": 0, "excluded_lines": 0, "percent_statements_covered": 100.0, "percent_statements_covered_display": "100.00", "num_branches": 4, "num_partial_branches": 0, "covered_branches": 4, "missing_branches": 0, "percent_branches_covered": 100.0, "percent_branches_covered_display": "100.00"}, "missing_lines": [], "excluded_lines": [], "start_line": 662, "executed_branches": [[665, 666], [665, 669], [669, 670], [669, 673]], "missing_branches": []}, "": {"executed_lines": [6, 7, 8, 10, 12, 13, 14, 15, 16, 17, 18, 19, 37, 40, 42, 43, 44, 50, 53, 56, 58, 59, 60, 71, 74, 77, 79, 80, 81, 91, 94, 97, 99, 100, 101, 107, 110, 126, 188, 189, 221, 237, 291, 356, 421, 517, 543, 569, 602, 626, 662], "summary": {"covered_lines": 51, "num_statements": 51, "percent_covered": 100.0, "percent_covered_display": "100.00", "missing_lines": 0, "excluded_lines": 0, "percent_statements_covered": 100.0, "percent_statements_covered_display": "100.00", "num_branches": 0, "num_partial_branches": 0, "covered_branches": 0, "missing_branches": 0, "percent_branches_covered": 100.0, "percent_branches_covered_display": "100.00"}, "missing_lines": [], "excluded_lines": [], "start_line": 1, "executed_branches": [], "missing_branches": []}}, "classes": {"QueryInput": {"executed_lines": [46, 48], "summary": {"covered_lines": 2, "num_statements": 3, "percent_covered": 60.0, "percent_covered_display": "60.00", "missing_lines": 1, "excluded_lines": 0, "percent_statements_covered": 66.66666666666667, "percent_statements_covered_display": "66.67", "num_branches": 2, "num_partial_branches": 1, "covered_branches": 1, "missing_branches": 1, "percent_branches_covered": 50.0, "percent_branches_covered_display": "50.00"}, "missing_lines": [47], "excluded_lines": [], "start_line": 37, "executed_branches": [[46, 48]], "missing_branches": [[46, 47]]}, "NodeInput": {"executed_lines": [62, 63, 65, 67, 69], "summary": {"covered_lines": 5, "num_statements": 8, "percent_covered": 62.5, "percent_covered_display": "62.50", "missing_lines": 3, "excluded_lines": 0, "percent_statements_covered": 62.5, "percent_statements_covered_display": "62.50", "num_branches": 8, "num_partial_branches": 3, "covered_branches": 5, "missing_branches": 3, "percent_branches_covered": 62.5, "percent_branches_covered_display": "62.50"}, "missing_lines": [64, 66, 68], "excluded_lines": [], "start_line": 53, "executed_branches": [[62, 63], [62, 69], [63, 65], [65, 67], [67, 62]], "missing_branches": [[63, 64], [65, 66], [67, 68]]}, "RelationshipInput": {"executed_lines": [83, 85, 89], "summary": {"covered_lines": 3, "num_statements": 5, "percent_covered": 55.55555555555556, "percent_covered_display": "55.56", "missing_lines": 2, "excluded_lines": 0, "percent_statements_covered": 60.0, "percent_statements_covered_display": "60.00", "num_branches": 4, "num_partial_branches": 2, "covered_branches": 2, "missing_branches": 2, "percent_branches_covered": 50.0, "percent_branches_covered_display": "50.00"}, "missing_lines": [84, 86], "excluded_lines": [], "start_line": 74, "executed_branches": [[83, 85], [85, 89]], "missing_branches": [[83, 84], [85, 86]]}, "DatasetNameInput": {"executed_lines": [103, 105], "summary": {"covered_lines": 2, "num_statements": 3, "percent_covered": 60.0, "percent_covered_display": "60.00", "missing_lines": 1, "excluded_lines": 0, "percent_statements_covered": 66.66666666666667, "percent_statements_covered_display": "66.67", "num_branches": 2, "num_partial_branches": 1, "covered_branches": 1, "missing_branches": 1, "percent_branches_covered": 50.0, "percent_branches_covered_display": "50.00"}, "missing_lines": [104], "excluded_lines": [], "start_line": 94, "executed_branches": [[103, 105]], "missing_branches": [[103, 104]]}, "GraphForge": {"executed_lines": [156, 157, 161, 163, 164, 166, 167, 170, 171, 172, 173, 176, 179, 180, 183, 184, 185, 186, 212, 215, 217, 218, 219, 235, 255, 258, 261, 263, 265, 266, 267, 269, 270, 271, 274, 276, 277, 280, 283, 284, 287, 289, 336, 339, 342, 349, 352, 354, 394, 396, 399, 402, 405, 414, 417, 419, 435, 436, 439, 440, 443, 444, 447, 448, 451, 452, 455, 456, 457, 458, 459, 460, 461, 462, 465, 466, 468, 469, 474, 475, 478, 479, 483, 484, 485, 486, 488, 489, 490, 491, 493, 497, 498, 500, 501, 502, 503, 505, 508, 511, 536, 537, 540, 541, 558, 559, 562, 563, 566, 567, 588, 589, 592, 595, 596, 599, 600, 615, 617, 618, 621, 623, 624, 632, 635, 636, 638, 639, 640, 643, 646, 647, 648, 650, 658, 660, 665, 666, 669, 670, 673], "summary": {"covered_lines": 141, "num_statements": 146, "percent_covered": 95.79439252336448, "percent_covered_display": "95.79", "missing_lines": 5, "excluded_lines": 0, "percent_statements_covered": 96.57534246575342, "percent_statements_covered_display": "96.58", "num_branches": 68, "num_partial_branches": 4, "covered_branches": 64, "missing_branches": 4, "percent_branches_covered": 94.11764705882354, "percent_branches_covered_display": "94.12"}, "missing_lines": [158, 395, 397, 470, 471], "excluded_lines": [], "start_line": 110, "executed_branches": [[156, 157], [156, 161], [157, 161], [161, 163], [161, 170], [263, 265], [263, 280], [266, 267], [266, 274], [269, 270], [283, 284], [283, 287], [394, 396], [396, 399], [435, 436], [435, 439], [439, 440], [439, 443], [443, 444], [443, 447], [447, 448], [447, 451], [451, 452], [451, 455], [455, 456], [455, 457], [457, 458], [457, 459], [459, 460], [459, 461], [461, 462], [461, 465], [468, 469], [468, 474], [474, 475], [474, 478], [478, 479], [478, 511], [488, 489], [488, 497], [500, 501], [500, 508], [536, 537], [536, 540], [558, 559], [558, 562], [562, 563], [562, 566], [588, 589], [588, 592], [595, 596], [595, 599], [615, -602], [615, 617], [617, 618], [617, 621], [638, 639], [638, 643], [646, 647], [646, 660], [665, 666], [665, 669], [669, 670], [669, 673]], "missing_branches": [[157, 158], [269, 271], [394, 395], [396, 397]]}, "": {"executed_lines": [6, 7, 8, 10, 12, 13, 14, 15, 16, 17, 18, 19, 37, 40, 42, 43, 44, 50, 53, 56, 58, 59, 60, 71, 74, 77, 79, 80, 81, 91, 94, 97, 99, 100, 101, 107, 110, 126, 188, 189, 221, 237, 291, 356, 421, 517, 543, 569, 602, 626, 662], "summary": {"covered_lines": 51, "num_statements": 51, "percent_covered": 100.0, "percent_covered_display": "100.00", "missing_lines": 0, "excluded_lines": 0, "percent_statements_covered": 100.0, "percent_statements_covered_display": "100.00", "num_branches": 0, "num_partial_branches": 0, "covered_branches": 0, "missing_branches": 0, "percent_branches_covered": 100.0, "percent_branches_covered_display": "100.00"}, "missing_lines": [], "excluded_lines": [], "start_line": 1, "executed_branches": [], "missing_branches": []}}}, "src/graphforge/ast/clause.py": {"executed_lines": [19, 21, 24, 32, 34, 37, 47, 49, 52, 60, 62, 65, 73, 77, 78, 79, 81, 82, 86, 88, 91, 100, 101, 102, 104, 105, 106, 108, 110, 112, 115, 125, 127, 130, 139, 140, 142, 145, 156, 157, 158, 160, 163, 172, 173, 175, 178, 186, 188, 191, 199, 200, 202, 203, 204, 206, 208, 210, 213, 223, 224, 226, 229, 238, 240, 243, 251, 253, 256, 264, 265, 267, 270, 279, 281, 284, 297, 298, 299, 300, 301, 302, 304], "summary": {"covered_lines": 83, "num_statements": 86, "percent_covered": 93.61702127659575, "percent_covered_display": "93.62", "missing_lines": 3, "excluded_lines": 0, "percent_statements_covered": 96.51162790697674, "percent_statements_covered_display": "96.51", "num_branches": 8, "num_partial_branches": 3, "covered_branches": 5, "missing_branches": 3, "percent_branches_covered": 62.5, "percent_branches_covered_display": "62.50"}, "missing_lines": [83, 109, 207], "excluded_lines": [], "executed_branches": [[81, 82], [81, 86], [82, 81], [108, 110], [206, 208]], "missing_branches": [[82, 83], [108, 109], [206, 207]], "functions": {"SetClause.validate_items": {"executed_lines": [81, 82, 86], "summary": {"covered_lines": 3, "num_statements": 4, "percent_covered": 75.0, "percent_covered_display": "75.00", "missing_lines": 1, "excluded_lines": 0, "percent_statements_covered": 75.0, "percent_statements_covered_display": "75.00", "num_branches": 4, "num_partial_branches": 1, "covered_branches": 3, "missing_branches": 1, "percent_branches_covered": 75.0, "percent_branches_covered_display": "75.00"}, "missing_lines": [83], "excluded_lines": [], "start_line": 79, "executed_branches": [[81, 82], [81, 86], [82, 81]], "missing_branches": [[82, 83]]}, "RemoveItem.validate_item_type": {"executed_lines": [108, 110], "summary": {"covered_lines": 2, "num_statements": 3, "percent_covered": 60.0, "percent_covered_display": "60.00", "missing_lines": 1, "excluded_lines": 0, "percent_statements_covered": 66.66666666666667, "percent_statements_covered_display": "66.67", "num_branches": 2, "num_partial_branches": 1, "covered_branches": 1, "missing_branches": 1, "percent_branches_covered": 50.0, "percent_branches_covered_display": "50.00"}, "missing_lines": [109], "excluded_lines": [], "start_line": 106, "executed_branches": [[108, 110]], "missing_branches": [[108, 109]]}, "ReturnItem.validate_alias": {"executed_lines": [206, 208], "summary": {"covered_lines": 2, "num_statements": 3, "percent_covered": 60.0, "percent_covered_display": "60.00", "missing_lines": 1, "excluded_lines": 0, "percent_statements_covered": 66.66666666666667, "percent_statements_covered_display": "66.67", "num_branches": 2, "num_partial_branches": 1, "covered_branches": 1, "missing_branches": 1, "percent_branches_covered": 50.0, "percent_branches_covered_display": "50.00"}, "missing_lines": [207], "excluded_lines": [], "start_line": 204, "executed_branches": [[206, 208]], "missing_branches": [[206, 207]]}, "": {"executed_lines": [19, 21, 24, 32, 34, 37, 47, 49, 52, 60, 62, 65, 73, 77, 78, 79, 88, 91, 100, 101, 102, 104, 105, 106, 112, 115, 125, 127, 130, 139, 140, 142, 145, 156, 157, 158, 160, 163, 172, 173, 175, 178, 186, 188, 191, 199, 200, 202, 203, 204, 210, 213, 223, 224, 226, 229, 238, 240, 243, 251, 253, 256, 264, 265, 267, 270, 279, 281, 284, 297, 298, 299, 300, 301, 302, 304], "summary": {"covered_lines": 76, "num_statements": 76, "percent_covered": 100.0, "percent_covered_display": "100.00", "missing_lines": 0, "excluded_lines": 0, "percent_statements_covered": 100.0, "percent_statements_covered_display": "100.00", "num_branches": 0, "num_partial_branches": 0, "covered_branches": 0, "missing_branches": 0, "percent_branches_covered": 100.0, "percent_branches_covered_display": "100.00"}, "missing_lines": [], "excluded_lines": [], "start_line": 1, "executed_branches": [], "missing_branches": []}}, "classes": {"MatchClause": {"executed_lines": [], "summary": {"covered_lines": 0, "num_statements": 0, "percent_covered": 100.0, "percent_covered_display": "100.00", "missing_lines": 0, "excluded_lines": 0, "percent_statements_covered": 100.0, "percent_statements_covered_display": "100.00", "num_branches": 0, "num_partial_branches": 0, "covered_branches": 0, "missing_branches": 0, "percent_branches_covered": 100.0, "percent_branches_covered_display": "100.00"}, "missing_lines": [], "excluded_lines": [], "start_line": 24, "executed_branches": [], "missing_branches": []}, "OptionalMatchClause": {"executed_lines": [], "summary": {"covered_lines": 0, "num_statements": 0, "percent_covered": 100.0, "percent_covered_display": "100.00", "missing_lines": 0, "excluded_lines": 0, "percent_statements_covered": 100.0, "percent_statements_covered_display": "100.00", "num_branches": 0, "num_partial_branches": 0, "covered_branches": 0, "missing_branches": 0, "percent_branches_covered": 100.0, "percent_branches_covered_display": "100.00"}, "missing_lines": [], "excluded_lines": [], "start_line": 37, "executed_branches": [], "missing_branches": []}, "CreateClause": {"executed_lines": [], "summary": {"covered_lines": 0, "num_statements": 0, "percent_covered": 100.0, "percent_covered_display": "100.00", "missing_lines": 0, "excluded_lines": 0, "percent_statements_covered": 100.0, "percent_statements_covered_display": "100.00", "num_branches": 0, "num_partial_branches": 0, "covered_branches": 0, "missing_branches": 0, "percent_branches_covered": 100.0, "percent_branches_covered_display": "100.00"}, "missing_lines": [], "excluded_lines": [], "start_line": 52, "executed_branches": [], "missing_branches": []}, "SetClause": {"executed_lines": [81, 82, 86], "summary": {"covered_lines": 3, "num_statements": 4, "percent_covered": 75.0, "percent_covered_display": "75.00", "missing_lines": 1, "excluded_lines": 0, "percent_statements_covered": 75.0, "percent_statements_covered_display": "75.00", "num_branches": 4, "num_partial_branches": 1, "covered_branches": 3, "missing_branches": 1, "percent_branches_covered": 75.0, "percent_branches_covered_display": "75.00"}, "missing_lines": [83], "excluded_lines": [], "start_line": 65, "executed_branches": [[81, 82], [81, 86], [82, 81]], "missing_branches": [[82, 83]]}, "RemoveItem": {"executed_lines": [108, 110], "summary": {"covered_lines": 2, "num_statements": 3, "percent_covered": 60.0, "percent_covered_display": "60.00", "missing_lines": 1, "excluded_lines": 0, "percent_statements_covered": 66.66666666666667, "percent_statements_covered_display": "66.67", "num_branches": 2, "num_partial_branches": 1, "covered_branches": 1, "missing_branches": 1, "percent_branches_covered": 50.0, "percent_branches_covered_display": "50.00"}, "missing_lines": [109], "excluded_lines": [], "start_line": 91, "executed_branches": [[108, 110]], "missing_branches": [[108, 109]]}, "RemoveClause": {"executed_lines": [], "summary": {"covered_lines": 0, "num_statements": 0, "percent_covered": 100.0, "percent_covered_display": "100.00", "missing_lines": 0, "excluded_lines": 0, "percent_statements_covered": 100.0, "percent_statements_covered_display": "100.00", "num_branches": 0, "num_partial_branches": 0, "covered_branches": 0, "missing_branches": 0, "percent_branches_covered": 100.0, "percent_branches_covered_display": "100.00"}, "missing_lines": [], "excluded_lines": [], "start_line": 115, "executed_branches": [], "missing_branches": []}, "DeleteClause": {"executed_lines": [], "summary": {"covered_lines": 0, "num_statements": 0, "percent_covered": 100.0, "percent_covered_display": "100.00", "missing_lines": 0, "excluded_lines": 0, "percent_statements_covered": 100.0, "percent_statements_covered_display": "100.00", "num_branches": 0, "num_partial_branches": 0, "covered_branches": 0, "missing_branches": 0, "percent_branches_covered": 100.0, "percent_branches_covered_display": "100.00"}, "missing_lines": [], "excluded_lines": [], "start_line": 130, "executed_branches": [], "missing_branches": []}, "MergeClause": {"executed_lines": [], "summary": {"covered_lines": 0, "num_statements": 0, "percent_covered": 100.0, "percent_covered_display": "100.00", "missing_lines": 0, "excluded_lines": 0, "percent_statements_covered": 100.0, "percent_statements_covered_display": "100.00", "num_branches": 0, "num_partial_branches": 0, "covered_branches": 0, "missing_branches": 0, "percent_branches_covered": 100.0, "percent_branches_covered_display": "100.00"}, "missing_lines": [], "excluded_lines": [], "start_line": 145, "executed_branches": [], "missing_branches": []}, "UnwindClause": {"executed_lines": [], "summary": {"covered_lines": 0, "num_statements": 0, "percent_covered": 100.0, "percent_covered_display": "100.00", "missing_lines": 0, "excluded_lines": 0, "percent_statements_covered": 100.0, "percent_statements_covered_display": "100.00", "num_branches": 0, "num_partial_branches": 0, "covered_branches": 0, "missing_branches": 0, "percent_branches_covered": 100.0, "percent_branches_covered_display": "100.00"}, "missing_lines": [], "excluded_lines": [], "start_line": 163, "executed_branches": [], "missing_branches": []}, "WhereClause": {"executed_lines": [], "summary": {"covered_lines": 0, "num_statements": 0, "percent_covered": 100.0, "percent_covered_display": "100.00", "missing_lines": 0, "excluded_lines": 0, "percent_statements_covered": 100.0, "percent_statements_covered_display": "100.00", "num_branches": 0, "num_partial_branches": 0, "covered_branches": 0, "missing_branches": 0, "percent_branches_covered": 100.0, "percent_branches_covered_display": "100.00"}, "missing_lines": [], "excluded_lines": [], "start_line": 178, "executed_branches": [], "missing_branches": []}, "ReturnItem": {"executed_lines": [206, 208], "summary": {"covered_lines": 2, "num_statements": 3, "percent_covered": 60.0, "percent_covered_display": "60.00", "missing_lines": 1, "excluded_lines": 0, "percent_statements_covered": 66.66666666666667, "percent_statements_covered_display": "66.67", "num_branches": 2, "num_partial_branches": 1, "covered_branches": 1, "missing_branches": 1, "percent_branches_covered": 50.0, "percent_branches_covered_display": "50.00"}, "missing_lines": [207], "excluded_lines": [], "start_line": 191, "executed_branches": [[206, 208]], "missing_branches": [[206, 207]]}, "ReturnClause": {"executed_lines": [], "summary": {"covered_lines": 0, "num_statements": 0, "percent_covered": 100.0, "percent_covered_display": "100.00", "missing_lines": 0, "excluded_lines": 0, "percent_statements_covered": 100.0, "percent_statements_covered_display": "100.00", "num_branches": 0, "num_partial_branches": 0, "covered_branches": 0, "missing_branches": 0, "percent_branches_covered": 100.0, "percent_branches_covered_display": "100.00"}, "missing_lines": [], "excluded_lines": [], "start_line": 213, "executed_branches": [], "missing_branches": []}, "LimitClause": {"executed_lines": [], "summary": {"covered_lines": 0, "num_statements": 0, "percent_covered": 100.0, "percent_covered_display": "100.00", "missing_lines": 0, "excluded_lines": 0, "percent_statements_covered": 100.0, "percent_statements_covered_display": "100.00", "num_branches": 0, "num_partial_branches": 0, "covered_branches": 0, "missing_branches": 0, "percent_branches_covered": 100.0, "percent_branches_covered_display": "100.00"}, "missing_lines": [], "excluded_lines": [], "start_line": 229, "executed_branches": [], "missing_branches": []}, "SkipClause": {"executed_lines": [], "summary": {"covered_lines": 0, "num_statements": 0, "percent_covered": 100.0, "percent_covered_display": "100.00", "missing_lines": 0, "excluded_lines": 0, "percent_statements_covered": 100.0, "percent_statements_covered_display": "100.00", "num_branches": 0, "num_partial_branches": 0, "covered_branches": 0, "missing_branches": 0, "percent_branches_covered": 100.0, "percent_branches_covered_display": "100.00"}, "missing_lines": [], "excluded_lines": [], "start_line": 243, "executed_branches": [], "missing_branches": []}, "OrderByItem": {"executed_lines": [], "summary": {"covered_lines": 0, "num_statements": 0, "percent_covered": 100.0, "percent_covered_display": "100.00", "missing_lines": 0, "excluded_lines": 0, "percent_statements_covered": 100.0, "percent_statements_covered_display": "100.00", "num_branches": 0, "num_partial_branches": 0, "covered_branches": 0, "missing_branches": 0, "percent_branches_covered": 100.0, "percent_branches_covered_display": "100.00"}, "missing_lines": [], "excluded_lines": [], "start_line": 256, "executed_branches": [], "missing_branches": []}, "OrderByClause": {"executed_lines": [], "summary": {"covered_lines": 0, "num_statements": 0, "percent_covered": 100.0, "percent_covered_display": "100.00", "missing_lines": 0, "excluded_lines": 0, "percent_statements_covered": 100.0, "percent_statements_covered_display": "100.00", "num_branches": 0, "num_partial_branches": 0, "covered_branches": 0, "missing_branches": 0, "percent_branches_covered": 100.0, "percent_branches_covered_display": "100.00"}, "missing_lines": [], "excluded_lines": [], "start_line": 270, "executed_branches": [], "missing_branches": []}, "WithClause": {"executed_lines": [], "summary": {"covered_lines": 0, "num_statements": 0, "percent_covered": 100.0, "percent_covered_display": "100.00", "missing_lines": 0, "excluded_lines": 0, "percent_statements_covered": 100.0, "percent_statements_covered_display": "100.00", "num_branches": 0, "num_partial_branches": 0, "covered_branches": 0, "missing_branches": 0, "percent_branches_covered": 100.0, "percent_branches_covered_display": "100.00"}, "missing_lines": [], "excluded_lines": [], "start_line": 284, "executed_branches": [], "missing_branches": []}, "": {"executed_lines": [19, 21, 24, 32, 34, 37, 47, 49, 52, 60, 62, 65, 73, 77, 78, 79, 88, 91, 100, 101, 102, 104, 105, 106, 112, 115, 125, 127, 130, 139, 140, 142, 145, 156, 157, 158, 160, 163, 172, 173, 175, 178, 186, 188, 191, 199, 200, 202, 203, 204, 210, 213, 223, 224, 226, 229, 238, 240, 243, 251, 253, 256, 264, 265, 267, 270, 279, 281, 284, 297, 298, 299, 300, 301, 302, 304], "summary": {"covered_lines": 76, "num_statements": 76, "percent_covered": 100.0, "percent_covered_display": "100.00", "missing_lines": 0, "excluded_lines": 0, "percent_statements_covered": 100.0, "percent_statements_covered_display": "100.00", "num_branches": 0, "num_partial_branches": 0, "covered_branches": 0, "missing_branches": 0, "percent_branches_covered": 100.0, "percent_branches_covered_display": "100.00"}, "missing_lines": [], "excluded_lines": [], "start_line": 1, "executed_branches": [], "missing_branches": []}}}, "src/graphforge/ast/expression.py": {"executed_lines": [10, 12, 15, 21, 24, 31, 33, 34, 35, 37, 38, 41, 43, 46, 53, 55, 56, 57, 59, 60, 61, 62, 63, 65, 68, 80, 81, 82, 84, 85, 87, 89, 91, 92, 93, 95, 97, 98, 99, 100, 101, 103, 106, 121, 122, 125, 126, 128, 129, 136, 137, 139, 142, 144, 147, 156, 157, 158, 160, 161, 162, 164, 184, 185, 186, 188, 191, 199, 200, 202, 203, 204, 206, 207, 208, 209, 211, 214, 222, 223, 224, 226, 227, 228, 230, 232, 233, 237, 239, 241, 244, 252, 255, 257, 258, 259, 261, 263, 264, 268, 270, 273, 282, 283, 284, 285, 289, 290, 291, 293, 294, 295, 297, 300, 308, 309, 311, 312, 313, 315, 316, 317, 319, 322, 332, 333, 334, 335, 337, 338, 339, 341, 342, 343, 345, 346, 347, 349, 350, 351, 353], "summary": {"covered_lines": 141, "num_statements": 147, "percent_covered": 93.44262295081967, "percent_covered_display": "93.44", "missing_lines": 6, "excluded_lines": 0, "percent_statements_covered": 95.91836734693878, "percent_statements_covered_display": "95.92", "num_branches": 36, "num_partial_branches": 6, "covered_branches": 30, "missing_branches": 6, "percent_branches_covered": 83.33333333333333, "percent_branches_covered_display": "83.33"}, "missing_lines": [88, 96, 140, 238, 262, 265], "excluded_lines": [], "executed_branches": [[37, 38], [37, 41], [59, 60], [59, 61], [61, 62], [61, 63], [87, 89], [95, 97], [97, 98], [97, 99], [99, 100], [99, 101], [139, 142], [184, 185], [184, 186], [207, 208], [207, 209], [237, 239], [261, 263], [263, 264], [263, 268], [264, 263], [293, 294], [293, 295], [315, 316], [315, 317], [341, 342], [341, 343], [349, 350], [349, 351]], "missing_branches": [[87, 88], [95, 96], [139, 140], [237, 238], [261, 262], [264, 265]], "functions": {"Literal.validate_value": {"executed_lines": [37, 38, 41], "summary": {"covered_lines": 3, "num_statements": 3, "percent_covered": 100.0, "percent_covered_display": "100.00", "missing_lines": 0, "excluded_lines": 0, "percent_statements_covered": 100.0, "percent_statements_covered_display": "100.00", "num_branches": 2, "num_partial_branches": 0, "covered_branches": 2, "missing_branches": 0, "percent_branches_covered": 100.0, "percent_branches_covered_display": "100.00"}, "missing_lines": [], "excluded_lines": [], "start_line": 35, "executed_branches": [[37, 38], [37, 41]], "missing_branches": []}, "Variable.validate_name": {"executed_lines": [59, 60, 61, 62, 63], "summary": {"covered_lines": 5, "num_statements": 5, "percent_covered": 100.0, "percent_covered_display": "100.00", "missing_lines": 0, "excluded_lines": 0, "percent_statements_covered": 100.0, "percent_statements_covered_display": "100.00", "num_branches": 4, "num_partial_branches": 0, "covered_branches": 4, "missing_branches": 0, "percent_branches_covered": 100.0, "percent_branches_covered_display": "100.00"}, "missing_lines": [], "excluded_lines": [], "start_line": 57, "executed_branches": [[59, 60], [59, 61], [61, 62], [61, 63]], "missing_branches": []}, "PropertyAccess.validate_variable_or_base": {"executed_lines": [87, 89], "summary": {"covered_lines": 2, "num_statements": 3, "percent_covered": 60.0, "percent_covered_display": "60.00", "missing_lines": 1, "excluded_lines": 0, "percent_statements_covered": 66.66666666666667, "percent_statements_covered_display": "66.67", "num_branches": 2, "num_partial_branches": 1, "covered_branches": 1, "missing_branches": 1, "percent_branches_covered": 50.0, "percent_branches_covered_display": "50.00"}, "missing_lines": [88], "excluded_lines": [], "start_line": 85, "executed_branches": [[87, 89]], "missing_branches": [[87, 88]]}, "PropertyAccess.validate_identifier": {"executed_lines": [95, 97, 98, 99, 100, 101], "summary": {"covered_lines": 6, "num_statements": 7, "percent_covered": 84.61538461538461, "percent_covered_display": "84.62", "missing_lines": 1, "excluded_lines": 0, "percent_statements_covered": 85.71428571428571, "percent_statements_covered_display": "85.71", "num_branches": 6, "num_partial_branches": 1, "covered_branches": 5, "missing_branches": 1, "percent_branches_covered": 83.33333333333333, "percent_branches_covered_display": "83.33"}, "missing_lines": [96], "excluded_lines": [], "start_line": 93, "executed_branches": [[95, 97], [97, 98], [97, 99], [99, 100], [99, 101]], "missing_branches": [[95, 96]]}, "Subscript.validate_index_or_slice": {"executed_lines": [136, 137, 139, 142], "summary": {"covered_lines": 4, "num_statements": 5, "percent_covered": 71.42857142857143, "percent_covered_display": "71.43", "missing_lines": 1, "excluded_lines": 0, "percent_statements_covered": 80.0, "percent_statements_covered_display": "80.00", "num_branches": 2, "num_partial_branches": 1, "covered_branches": 1, "missing_branches": 1, "percent_branches_covered": 50.0, "percent_branches_covered_display": "50.00"}, "missing_lines": [140], "excluded_lines": [], "start_line": 129, "executed_branches": [[139, 142]], "missing_branches": [[139, 140]]}, "BinaryOp.validate_op": {"executed_lines": [164, 184, 185, 186], "summary": {"covered_lines": 4, "num_statements": 4, "percent_covered": 100.0, "percent_covered_display": "100.00", "missing_lines": 0, "excluded_lines": 0, "percent_statements_covered": 100.0, "percent_statements_covered_display": "100.00", "num_branches": 2, "num_partial_branches": 0, "covered_branches": 2, "missing_branches": 0, "percent_branches_covered": 100.0, "percent_branches_covered_display": "100.00"}, "missing_lines": [], "excluded_lines": [], "start_line": 162, "executed_branches": [[184, 185], [184, 186]], "missing_branches": []}, "UnaryOp.validate_op": {"executed_lines": [206, 207, 208, 209], "summary": {"covered_lines": 4, "num_statements": 4, "percent_covered": 100.0, "percent_covered_display": "100.00", "missing_lines": 0, "excluded_lines": 0, "percent_statements_covered": 100.0, "percent_statements_covered_display": "100.00", "num_branches": 2, "num_partial_branches": 0, "covered_branches": 2, "missing_branches": 0, "percent_branches_covered": 100.0, "percent_branches_covered_display": "100.00"}, "missing_lines": [], "excluded_lines": [], "start_line": 204, "executed_branches": [[207, 208], [207, 209]], "missing_branches": []}, "FunctionCall.validate_name": {"executed_lines": [230], "summary": {"covered_lines": 1, "num_statements": 1, "percent_covered": 100.0, "percent_covered_display": "100.00", "missing_lines": 0, "excluded_lines": 0, "percent_statements_covered": 100.0, "percent_statements_covered_display": "100.00", "num_branches": 0, "num_partial_branches": 0, "covered_branches": 0, "missing_branches": 0, "percent_branches_covered": 100.0, "percent_branches_covered_display": "100.00"}, "missing_lines": [], "excluded_lines": [], "start_line": 228, "executed_branches": [], "missing_branches": []}, "FunctionCall.validate_function_call": {"executed_lines": [237, 239], "summary": {"covered_lines": 2, "num_statements": 3, "percent_covered": 60.0, "percent_covered_display": "60.00", "missing_lines": 1, "excluded_lines": 0, "percent_statements_covered": 66.66666666666667, "percent_statements_covered_display": "66.67", "num_branches": 2, "num_partial_branches": 1, "covered_branches": 1, "missing_branches": 1, "percent_branches_covered": 50.0, "percent_branches_covered_display": "50.00"}, "missing_lines": [238], "excluded_lines": [], "start_line": 233, "executed_branches": [[237, 239]], "missing_branches": [[237, 238]]}, "CaseExpression.validate_when_clauses": {"executed_lines": [261, 263, 264, 268], "summary": {"covered_lines": 4, "num_statements": 6, "percent_covered": 66.66666666666667, "percent_covered_display": "66.67", "missing_lines": 2, "excluded_lines": 0, "percent_statements_covered": 66.66666666666667, "percent_statements_covered_display": "66.67", "num_branches": 6, "num_partial_branches": 2, "covered_branches": 4, "missing_branches": 2, "percent_branches_covered": 66.66666666666667, "percent_branches_covered_display": "66.67"}, "missing_lines": [262, 265], "excluded_lines": [], "start_line": 259, "executed_branches": [[261, 263], [263, 264], [263, 268], [264, 263]], "missing_branches": [[261, 262], [264, 265]]}, "ListComprehension.validate_variable": {"executed_lines": [293, 294, 295], "summary": {"covered_lines": 3, "num_statements": 3, "percent_covered": 100.0, "percent_covered_display": "100.00", "missing_lines": 0, "excluded_lines": 0, "percent_statements_covered": 100.0, "percent_statements_covered_display": "100.00", "num_branches": 2, "num_partial_branches": 0, "covered_branches": 2, "missing_branches": 0, "percent_branches_covered": 100.0, "percent_branches_covered_display": "100.00"}, "missing_lines": [], "excluded_lines": [], "start_line": 291, "executed_branches": [[293, 294], [293, 295]], "missing_branches": []}, "SubqueryExpression.validate_type": {"executed_lines": [315, 316, 317], "summary": {"covered_lines": 3, "num_statements": 3, "percent_covered": 100.0, "percent_covered_display": "100.00", "missing_lines": 0, "excluded_lines": 0, "percent_statements_covered": 100.0, "percent_statements_covered_display": "100.00", "num_branches": 2, "num_partial_branches": 0, "covered_branches": 2, "missing_branches": 0, "percent_branches_covered": 100.0, "percent_branches_covered_display": "100.00"}, "missing_lines": [], "excluded_lines": [], "start_line": 313, "executed_branches": [[315, 316], [315, 317]], "missing_branches": []}, "QuantifierExpression.validate_quantifier": {"executed_lines": [341, 342, 343], "summary": {"covered_lines": 3, "num_statements": 3, "percent_covered": 100.0, "percent_covered_display": "100.00", "missing_lines": 0, "excluded_lines": 0, "percent_statements_covered": 100.0, "percent_statements_covered_display": "100.00", "num_branches": 2, "num_partial_branches": 0, "covered_branches": 2, "missing_branches": 0, "percent_branches_covered": 100.0, "percent_branches_covered_display": "100.00"}, "missing_lines": [], "excluded_lines": [], "start_line": 339, "executed_branches": [[341, 342], [341, 343]], "missing_branches": []}, "QuantifierExpression.validate_variable": {"executed_lines": [349, 350, 351], "summary": {"covered_lines": 3, "num_statements": 3, "percent_covered": 100.0, "percent_covered_display": "100.00", "missing_lines": 0, "excluded_lines": 0, "percent_statements_covered": 100.0, "percent_statements_covered_display": "100.00", "num_branches": 2, "num_partial_branches": 0, "covered_branches": 2, "missing_branches": 0, "percent_branches_covered": 100.0, "percent_branches_covered_display": "100.00"}, "missing_lines": [], "excluded_lines": [], "start_line": 347, "executed_branches": [[349, 350], [349, 351]], "missing_branches": []}, "": {"executed_lines": [10, 12, 15, 21, 24, 31, 33, 34, 35, 43, 46, 53, 55, 56, 57, 65, 68, 80, 81, 82, 84, 85, 91, 92, 93, 103, 106, 121, 122, 125, 126, 128, 129, 144, 147, 156, 157, 158, 160, 161, 162, 188, 191, 199, 200, 202, 203, 204, 211, 214, 222, 223, 224, 226, 227, 228, 232, 233, 241, 244, 252, 255, 257, 258, 259, 270, 273, 282, 283, 284, 285, 289, 290, 291, 297, 300, 308, 309, 311, 312, 313, 319, 322, 332, 333, 334, 335, 337, 338, 339, 345, 346, 347, 353], "summary": {"covered_lines": 94, "num_statements": 94, "percent_covered": 100.0, "percent_covered_display": "100.00", "missing_lines": 0, "excluded_lines": 0, "percent_statements_covered": 100.0, "percent_statements_covered_display": "100.00", "num_branches": 0, "num_partial_branches": 0, "covered_branches": 0, "missing_branches": 0, "percent_branches_covered": 100.0, "percent_branches_covered_display": "100.00"}, "missing_lines": [], "excluded_lines": [], "start_line": 1, "executed_branches": [], "missing_branches": []}}, "classes": {"Wildcard": {"executed_lines": [], "summary": {"covered_lines": 0, "num_statements": 0, "percent_covered": 100.0, "percent_covered_display": "100.00", "missing_lines": 0, "excluded_lines": 0, "percent_statements_covered": 100.0, "percent_statements_covered_display": "100.00", "num_branches": 0, "num_partial_branches": 0, "covered_branches": 0, "missing_branches": 0, "percent_branches_covered": 100.0, "percent_branches_covered_display": "100.00"}, "missing_lines": [], "excluded_lines": [], "start_line": 15, "executed_branches": [], "missing_branches": []}, "Literal": {"executed_lines": [37, 38, 41], "summary": {"covered_lines": 3, "num_statements": 3, "percent_covered": 100.0, "percent_covered_display": "100.00", "missing_lines": 0, "excluded_lines": 0, "percent_statements_covered": 100.0, "percent_statements_covered_display": "100.00", "num_branches": 2, "num_partial_branches": 0, "covered_branches": 2, "missing_branches": 0, "percent_branches_covered": 100.0, "percent_branches_covered_display": "100.00"}, "missing_lines": [], "excluded_lines": [], "start_line": 24, "executed_branches": [[37, 38], [37, 41]], "missing_branches": []}, "Variable": {"executed_lines": [59, 60, 61, 62, 63], "summary": {"covered_lines": 5, "num_statements": 5, "percent_covered": 100.0, "percent_covered_display": "100.00", "missing_lines": 0, "excluded_lines": 0, "percent_statements_covered": 100.0, "percent_statements_covered_display": "100.00", "num_branches": 4, "num_partial_branches": 0, "covered_branches": 4, "missing_branches": 0, "percent_branches_covered": 100.0, "percent_branches_covered_display": "100.00"}, "missing_lines": [], "excluded_lines": [], "start_line": 46, "executed_branches": [[59, 60], [59, 61], [61, 62], [61, 63]], "missing_branches": []}, "PropertyAccess": {"executed_lines": [87, 89, 95, 97, 98, 99, 100, 101], "summary": {"covered_lines": 8, "num_statements": 10, "percent_covered": 77.77777777777777, "percent_covered_display": "77.78", "missing_lines": 2, "excluded_lines": 0, "percent_statements_covered": 80.0, "percent_statements_covered_display": "80.00", "num_branches": 8, "num_partial_branches": 2, "covered_branches": 6, "missing_branches": 2, "percent_branches_covered": 75.0, "percent_branches_covered_display": "75.00"}, "missing_lines": [88, 96], "excluded_lines": [], "start_line": 68, "executed_branches": [[87, 89], [95, 97], [97, 98], [97, 99], [99, 100], [99, 101]], "missing_branches": [[87, 88], [95, 96]]}, "Subscript": {"executed_lines": [136, 137, 139, 142], "summary": {"covered_lines": 4, "num_statements": 5, "percent_covered": 71.42857142857143, "percent_covered_display": "71.43", "missing_lines": 1, "excluded_lines": 0, "percent_statements_covered": 80.0, "percent_statements_covered_display": "80.00", "num_branches": 2, "num_partial_branches": 1, "covered_branches": 1, "missing_branches": 1, "percent_branches_covered": 50.0, "percent_branches_covered_display": "50.00"}, "missing_lines": [140], "excluded_lines": [], "start_line": 106, "executed_branches": [[139, 142]], "missing_branches": [[139, 140]]}, "BinaryOp": {"executed_lines": [164, 184, 185, 186], "summary": {"covered_lines": 4, "num_statements": 4, "percent_covered": 100.0, "percent_covered_display": "100.00", "missing_lines": 0, "excluded_lines": 0, "percent_statements_covered": 100.0, "percent_statements_covered_display": "100.00", "num_branches": 2, "num_partial_branches": 0, "covered_branches": 2, "missing_branches": 0, "percent_branches_covered": 100.0, "percent_branches_covered_display": "100.00"}, "missing_lines": [], "excluded_lines": [], "start_line": 147, "executed_branches": [[184, 185], [184, 186]], "missing_branches": []}, "UnaryOp": {"executed_lines": [206, 207, 208, 209], "summary": {"covered_lines": 4, "num_statements": 4, "percent_covered": 100.0, "percent_covered_display": "100.00", "missing_lines": 0, "excluded_lines": 0, "percent_statements_covered": 100.0, "percent_statements_covered_display": "100.00", "num_branches": 2, "num_partial_branches": 0, "covered_branches": 2, "missing_branches": 0, "percent_branches_covered": 100.0, "percent_branches_covered_display": "100.00"}, "missing_lines": [], "excluded_lines": [], "start_line": 191, "executed_branches": [[207, 208], [207, 209]], "missing_branches": []}, "FunctionCall": {"executed_lines": [230, 237, 239], "summary": {"covered_lines": 3, "num_statements": 4, "percent_covered": 66.66666666666667, "percent_covered_display": "66.67", "missing_lines": 1, "excluded_lines": 0, "percent_statements_covered": 75.0, "percent_statements_covered_display": "75.00", "num_branches": 2, "num_partial_branches": 1, "covered_branches": 1, "missing_branches": 1, "percent_branches_covered": 50.0, "percent_branches_covered_display": "50.00"}, "missing_lines": [238], "excluded_lines": [], "start_line": 214, "executed_branches": [[237, 239]], "missing_branches": [[237, 238]]}, "CaseExpression": {"executed_lines": [261, 263, 264, 268], "summary": {"covered_lines": 4, "num_statements": 6, "percent_covered": 66.66666666666667, "percent_covered_display": "66.67", "missing_lines": 2, "excluded_lines": 0, "percent_statements_covered": 66.66666666666667, "percent_statements_covered_display": "66.67", "num_branches": 6, "num_partial_branches": 2, "covered_branches": 4, "missing_branches": 2, "percent_branches_covered": 66.66666666666667, "percent_branches_covered_display": "66.67"}, "missing_lines": [262, 265], "excluded_lines": [], "start_line": 244, "executed_branches": [[261, 263], [263, 264], [263, 268], [264, 263]], "missing_branches": [[261, 262], [264, 265]]}, "ListComprehension": {"executed_lines": [293, 294, 295], "summary": {"covered_lines": 3, "num_statements": 3, "percent_covered": 100.0, "percent_covered_display": "100.00", "missing_lines": 0, "excluded_lines": 0, "percent_statements_covered": 100.0, "percent_statements_covered_display": "100.00", "num_branches": 2, "num_partial_branches": 0, "covered_branches": 2, "missing_branches": 0, "percent_branches_covered": 100.0, "percent_branches_covered_display": "100.00"}, "missing_lines": [], "excluded_lines": [], "start_line": 273, "executed_branches": [[293, 294], [293, 295]], "missing_branches": []}, "SubqueryExpression": {"executed_lines": [315, 316, 317], "summary": {"covered_lines": 3, "num_statements": 3, "percent_covered": 100.0, "percent_covered_display": "100.00", "missing_lines": 0, "excluded_lines": 0, "percent_statements_covered": 100.0, "percent_statements_covered_display": "100.00", "num_branches": 2, "num_partial_branches": 0, "covered_branches": 2, "missing_branches": 0, "percent_branches_covered": 100.0, "percent_branches_covered_display": "100.00"}, "missing_lines": [], "excluded_lines": [], "start_line": 300, "executed_branches": [[315, 316], [315, 317]], "missing_branches": []}, "QuantifierExpression": {"executed_lines": [341, 342, 343, 349, 350, 351], "summary": {"covered_lines": 6, "num_statements": 6, "percent_covered": 100.0, "percent_covered_display": "100.00", "missing_lines": 0, "excluded_lines": 0, "percent_statements_covered": 100.0, "percent_statements_covered_display": "100.00", "num_branches": 4, "num_partial_branches": 0, "covered_branches": 4, "missing_branches": 0, "percent_branches_covered": 100.0, "percent_branches_covered_display": "100.00"}, "missing_lines": [], "excluded_lines": [], "start_line": 322, "executed_branches": [[341, 342], [341, 343], [349, 350], [349, 351]], "missing_branches": []}, "": {"executed_lines": [10, 12, 15, 21, 24, 31, 33, 34, 35, 43, 46, 53, 55, 56, 57, 65, 68, 80, 81, 82, 84, 85, 91, 92, 93, 103, 106, 121, 122, 125, 126, 128, 129, 144, 147, 156, 157, 158, 160, 161, 162, 188, 191, 199, 200, 202, 203, 204, 211, 214, 222, 223, 224, 226, 227, 228, 232, 233, 241, 244, 252, 255, 257, 258, 259, 270, 273, 282, 283, 284, 285, 289, 290, 291, 297, 300, 308, 309, 311, 312, 313, 319, 322, 332, 333, 334, 335, 337, 338, 339, 345, 346, 347, 353], "summary": {"covered_lines": 94, "num_statements": 94, "percent_covered": 100.0, "percent_covered_display": "100.00", "missing_lines": 0, "excluded_lines": 0, "percent_statements_covered": 100.0, "percent_statements_covered_display": "100.00", "num_branches": 0, "num_partial_branches": 0, "covered_branches": 0, "missing_branches": 0, "percent_branches_covered": 100.0, "percent_branches_covered_display": "100.00"}, "missing_lines": [], "excluded_lines": [], "start_line": 1, "executed_branches": [], "missing_branches": []}}}, "src/graphforge/ast/pattern.py": {"executed_lines": [9, 10, 12, 15, 18, 19, 20, 23, 37, 38, 41, 43, 44, 45, 47, 48, 49, 50, 51, 52, 53, 56, 58, 59, 60, 62, 63, 64, 65, 67, 70, 87, 88, 89, 90, 91, 94, 97, 101, 102, 103, 105, 106, 107, 108, 109, 110, 111, 114, 116, 117, 118, 120, 121, 122, 123, 125, 126, 127, 129, 130, 131, 133, 134, 135, 137, 138, 139, 141], "summary": {"covered_lines": 69, "num_statements": 69, "percent_covered": 100.0, "percent_covered_display": "100.00", "missing_lines": 0, "excluded_lines": 0, "percent_statements_covered": 100.0, "percent_statements_covered_display": "100.00", "num_branches": 28, "num_partial_branches": 0, "covered_branches": 28, "missing_branches": 0, "percent_branches_covered": 100.0, "percent_branches_covered_display": "100.00"}, "missing_lines": [], "excluded_lines": [], "executed_branches": [[47, 48], [47, 56], [48, 49], [48, 50], [50, 51], [50, 52], [52, 53], [52, 56], [62, 63], [62, 65], [63, 62], [63, 64], [105, 106], [105, 114], [106, 107], [106, 108], [108, 109], [108, 110], [110, 111], [110, 114], [120, 121], [120, 123], [121, 120], [121, 122], [129, 130], [129, 131], [137, 138], [137, 139]], "missing_branches": [], "functions": {"NodePattern.validate_variable": {"executed_lines": [47, 48, 49, 50, 51, 52, 53, 56], "summary": {"covered_lines": 8, "num_statements": 8, "percent_covered": 100.0, "percent_covered_display": "100.00", "missing_lines": 0, "excluded_lines": 0, "percent_statements_covered": 100.0, "percent_statements_covered_display": "100.00", "num_branches": 8, "num_partial_branches": 0, "covered_branches": 8, "missing_branches": 0, "percent_branches_covered": 100.0, "percent_branches_covered_display": "100.00"}, "missing_lines": [], "excluded_lines": [], "start_line": 45, "executed_branches": [[47, 48], [47, 56], [48, 49], [48, 50], [50, 51], [50, 52], [52, 53], [52, 56]], "missing_branches": []}, "NodePattern.validate_labels": {"executed_lines": [62, 63, 64, 65], "summary": {"covered_lines": 4, "num_statements": 4, "percent_covered": 100.0, "percent_covered_display": "100.00", "missing_lines": 0, "excluded_lines": 0, "percent_statements_covered": 100.0, "percent_statements_covered_display": "100.00", "num_branches": 4, "num_partial_branches": 0, "covered_branches": 4, "missing_branches": 0, "percent_branches_covered": 100.0, "percent_branches_covered_display": "100.00"}, "missing_lines": [], "excluded_lines": [], "start_line": 60, "executed_branches": [[62, 63], [62, 65], [63, 62], [63, 64]], "missing_branches": []}, "RelationshipPattern.validate_variable": {"executed_lines": [105, 106, 107, 108, 109, 110, 111, 114], "summary": {"covered_lines": 8, "num_statements": 8, "percent_covered": 100.0, "percent_covered_display": "100.00", "missing_lines": 0, "excluded_lines": 0, "percent_statements_covered": 100.0, "percent_statements_covered_display": "100.00", "num_branches": 8, "num_partial_branches": 0, "covered_branches": 8, "missing_branches": 0, "percent_branches_covered": 100.0, "percent_branches_covered_display": "100.00"}, "missing_lines": [], "excluded_lines": [], "start_line": 103, "executed_branches": [[105, 106], [105, 114], [106, 107], [106, 108], [108, 109], [108, 110], [110, 111], [110, 114]], "missing_branches": []}, "RelationshipPattern.validate_types": {"executed_lines": [120, 121, 122, 123], "summary": {"covered_lines": 4, "num_statements": 4, "percent_covered": 100.0, "percent_covered_display": "100.00", "missing_lines": 0, "excluded_lines": 0, "percent_statements_covered": 100.0, "percent_statements_covered_display": "100.00", "num_branches": 4, "num_partial_branches": 0, "covered_branches": 4, "missing_branches": 0, "percent_branches_covered": 100.0, "percent_branches_covered_display": "100.00"}, "missing_lines": [], "excluded_lines": [], "start_line": 118, "executed_branches": [[120, 121], [120, 123], [121, 120], [121, 122]], "missing_branches": []}, "RelationshipPattern.validate_min_hops": {"executed_lines": [129, 130, 131], "summary": {"covered_lines": 3, "num_statements": 3, "percent_covered": 100.0, "percent_covered_display": "100.00", "missing_lines": 0, "excluded_lines": 0, "percent_statements_covered": 100.0, "percent_statements_covered_display": "100.00", "num_branches": 2, "num_partial_branches": 0, "covered_branches": 2, "missing_branches": 0, "percent_branches_covered": 100.0, "percent_branches_covered_display": "100.00"}, "missing_lines": [], "excluded_lines": [], "start_line": 127, "executed_branches": [[129, 130], [129, 131]], "missing_branches": []}, "RelationshipPattern.validate_max_hops": {"executed_lines": [137, 138, 139], "summary": {"covered_lines": 3, "num_statements": 3, "percent_covered": 100.0, "percent_covered_display": "100.00", "missing_lines": 0, "excluded_lines": 0, "percent_statements_covered": 100.0, "percent_statements_covered_display": "100.00", "num_branches": 2, "num_partial_branches": 0, "covered_branches": 2, "missing_branches": 0, "percent_branches_covered": 100.0, "percent_branches_covered_display": "100.00"}, "missing_lines": [], "excluded_lines": [], "start_line": 135, "executed_branches": [[137, 138], [137, 139]], "missing_branches": []}, "": {"executed_lines": [9, 10, 12, 15, 18, 19, 20, 23, 37, 38, 41, 43, 44, 45, 58, 59, 60, 67, 70, 87, 88, 89, 90, 91, 94, 97, 101, 102, 103, 116, 117, 118, 125, 126, 127, 133, 134, 135, 141], "summary": {"covered_lines": 39, "num_statements": 39, "percent_covered": 100.0, "percent_covered_display": "100.00", "missing_lines": 0, "excluded_lines": 0, "percent_statements_covered": 100.0, "percent_statements_covered_display": "100.00", "num_branches": 0, "num_partial_branches": 0, "covered_branches": 0, "missing_branches": 0, "percent_branches_covered": 100.0, "percent_branches_covered_display": "100.00"}, "missing_lines": [], "excluded_lines": [], "start_line": 1, "executed_branches": [], "missing_branches": []}}, "classes": {"Direction": {"executed_lines": [], "summary": {"covered_lines": 0, "num_statements": 0, "percent_covered": 100.0, "percent_covered_display": "100.00", "missing_lines": 0, "excluded_lines": 0, "percent_statements_covered": 100.0, "percent_statements_covered_display": "100.00", "num_branches": 0, "num_partial_branches": 0, "covered_branches": 0, "missing_branches": 0, "percent_branches_covered": 100.0, "percent_branches_covered_display": "100.00"}, "missing_lines": [], "excluded_lines": [], "start_line": 15, "executed_branches": [], "missing_branches": []}, "NodePattern": {"executed_lines": [47, 48, 49, 50, 51, 52, 53, 56, 62, 63, 64, 65], "summary": {"covered_lines": 12, "num_statements": 12, "percent_covered": 100.0, "percent_covered_display": "100.00", "missing_lines": 0, "excluded_lines": 0, "percent_statements_covered": 100.0, "percent_statements_covered_display": "100.00", "num_branches": 12, "num_partial_branches": 0, "covered_branches": 12, "missing_branches": 0, "percent_branches_covered": 100.0, "percent_branches_covered_display": "100.00"}, "missing_lines": [], "excluded_lines": [], "start_line": 23, "executed_branches": [[47, 48], [47, 56], [48, 49], [48, 50], [50, 51], [50, 52], [52, 53], [52, 56], [62, 63], [62, 65], [63, 62], [63, 64]], "missing_branches": []}, "RelationshipPattern": {"executed_lines": [105, 106, 107, 108, 109, 110, 111, 114, 120, 121, 122, 123, 129, 130, 131, 137, 138, 139], "summary": {"covered_lines": 18, "num_statements": 18, "percent_covered": 100.0, "percent_covered_display": "100.00", "missing_lines": 0, "excluded_lines": 0, "percent_statements_covered": 100.0, "percent_statements_covered_display": "100.00", "num_branches": 16, "num_partial_branches": 0, "covered_branches": 16, "missing_branches": 0, "percent_branches_covered": 100.0, "percent_branches_covered_display": "100.00"}, "missing_lines": [], "excluded_lines": [], "start_line": 70, "executed_branches": [[105, 106], [105, 114], [106, 107], [106, 108], [108, 109], [108, 110], [110, 111], [110, 114], [120, 121], [120, 123], [121, 120], [121, 122], [129, 130], [129, 131], [137, 138], [137, 139]], "missing_branches": []}, "": {"executed_lines": [9, 10, 12, 15, 18, 19, 20, 23, 37, 38, 41, 43, 44, 45, 58, 59, 60, 67, 70, 87, 88, 89, 90, 91, 94, 97, 101, 102, 103, 116, 117, 118, 125, 126, 127, 133, 134, 135, 141], "summary": {"covered_lines": 39, "num_statements": 39, "percent_covered": 100.0, "percent_covered_display": "100.00", "missing_lines": 0, "excluded_lines": 0, "percent_statements_covered": 100.0, "percent_statements_covered_display": "100.00", "num_branches": 0, "num_partial_branches": 0, "covered_branches": 0, "missing_branches": 0, "percent_branches_covered": 100.0, "percent_branches_covered_display": "100.00"}, "missing_lines": [], "excluded_lines": [], "start_line": 1, "executed_branches": [], "missing_branches": []}}}, "src/graphforge/ast/query.py": {"executed_lines": [6, 7, 9, 12, 13, 30, 33, 47, 50, 52, 53, 54, 56, 57, 58, 60, 62, 63, 65, 66, 67, 69], "summary": {"covered_lines": 22, "num_statements": 23, "percent_covered": 93.10344827586206, "percent_covered_display": "93.10", "missing_lines": 1, "excluded_lines": 0, "percent_statements_covered": 95.65217391304348, "percent_statements_covered_display": "95.65", "num_branches": 6, "num_partial_branches": 1, "covered_branches": 5, "missing_branches": 1, "percent_branches_covered": 83.33333333333333, "percent_branches_covered_display": "83.33"}, "missing_lines": [59], "excluded_lines": [], "executed_branches": [[56, 57], [56, 58], [58, 60], [65, 66], [65, 67]], "missing_branches": [[58, 59]], "functions": {"UnionQuery.validate_branches": {"executed_lines": [56, 57, 58, 60], "summary": {"covered_lines": 4, "num_statements": 5, "percent_covered": 77.77777777777777, "percent_covered_display": "77.78", "missing_lines": 1, "excluded_lines": 0, "percent_statements_covered": 80.0, "percent_statements_covered_display": "80.00", "num_branches": 4, "num_partial_branches": 1, "covered_branches": 3, "missing_branches": 1, "percent_branches_covered": 75.0, "percent_branches_covered_display": "75.00"}, "missing_lines": [59], "excluded_lines": [], "start_line": 54, "executed_branches": [[56, 57], [56, 58], [58, 60]], "missing_branches": [[58, 59]]}, "UnionQuery.validate_union_query": {"executed_lines": [65, 66, 67], "summary": {"covered_lines": 3, "num_statements": 3, "percent_covered": 100.0, "percent_covered_display": "100.00", "missing_lines": 0, "excluded_lines": 0, "percent_statements_covered": 100.0, "percent_statements_covered_display": "100.00", "num_branches": 2, "num_partial_branches": 0, "covered_branches": 2, "missing_branches": 0, "percent_branches_covered": 100.0, "percent_branches_covered_display": "100.00"}, "missing_lines": [], "excluded_lines": [], "start_line": 63, "executed_branches": [[65, 66], [65, 67]], "missing_branches": []}, "": {"executed_lines": [6, 7, 9, 12, 13, 30, 33, 47, 50, 52, 53, 54, 62, 63, 69], "summary": {"covered_lines": 15, "num_statements": 15, "percent_covered": 100.0, "percent_covered_display": "100.00", "missing_lines": 0, "excluded_lines": 0, "percent_statements_covered": 100.0, "percent_statements_covered_display": "100.00", "num_branches": 0, "num_partial_branches": 0, "covered_branches": 0, "missing_branches": 0, "percent_branches_covered": 100.0, "percent_branches_covered_display": "100.00"}, "missing_lines": [], "excluded_lines": [], "start_line": 1, "executed_branches": [], "missing_branches": []}}, "classes": {"CypherQuery": {"executed_lines": [], "summary": {"covered_lines": 0, "num_statements": 0, "percent_covered": 100.0, "percent_covered_display": "100.00", "missing_lines": 0, "excluded_lines": 0, "percent_statements_covered": 100.0, "percent_statements_covered_display": "100.00", "num_branches": 0, "num_partial_branches": 0, "covered_branches": 0, "missing_branches": 0, "percent_branches_covered": 100.0, "percent_branches_covered_display": "100.00"}, "missing_lines": [], "excluded_lines": [], "start_line": 13, "executed_branches": [], "missing_branches": []}, "UnionQuery": {"executed_lines": [56, 57, 58, 60, 65, 66, 67], "summary": {"covered_lines": 7, "num_statements": 8, "percent_covered": 85.71428571428571, "percent_covered_display": "85.71", "missing_lines": 1, "excluded_lines": 0, "percent_statements_covered": 87.5, "percent_statements_covered_display": "87.50", "num_branches": 6, "num_partial_branches": 1, "covered_branches": 5, "missing_branches": 1, "percent_branches_covered": 83.33333333333333, "percent_branches_covered_display": "83.33"}, "missing_lines": [59], "excluded_lines": [], "start_line": 33, "executed_branches": [[56, 57], [56, 58], [58, 60], [65, 66], [65, 67]], "missing_branches": [[58, 59]]}, "": {"executed_lines": [6, 7, 9, 12, 13, 30, 33, 47, 50, 52, 53, 54, 62, 63, 69], "summary": {"covered_lines": 15, "num_statements": 15, "percent_covered": 100.0, "percent_covered_display": "100.00", "missing_lines": 0, "excluded_lines": 0, "percent_statements_covered": 100.0, "percent_statements_covered_display": "100.00", "num_branches": 0, "num_partial_branches": 0, "covered_branches": 0, "missing_branches": 0, "percent_branches_covered": 100.0, "percent_branches_covered_display": "100.00"}, "missing_lines": [], "excluded_lines": [], "start_line": 1, "executed_branches": [], "missing_branches": []}}}, "src/graphforge/datasets/base.py": {"executed_lines": [3, 4, 5, 7, 13, 31, 32, 33, 34, 35, 36, 37, 38, 39, 40, 41, 42, 44, 45, 46, 48, 49, 50, 52, 53, 54, 56, 61, 63, 64, 65, 67, 68, 69, 71, 72, 73, 75, 77, 79, 82, 90, 91, 93, 94, 95, 97, 99, 101, 104], "summary": {"covered_lines": 50, "num_statements": 53, "percent_covered": 90.47619047619048, "percent_covered_display": "90.48", "missing_lines": 3, "excluded_lines": 23, "percent_statements_covered": 94.33962264150944, "percent_statements_covered_display": "94.34", "num_branches": 10, "num_partial_branches": 3, "covered_branches": 7, "missing_branches": 3, "percent_branches_covered": 70.0, "percent_branches_covered_display": "70.00"}, "missing_lines": [57, 76, 98], "excluded_lines": [9, 10, 111, 112, 113, 114, 115, 116, 117, 118, 119, 120, 121, 122, 123, 125, 126, 127, 128, 129, 130, 131, 132], "executed_branches": [[48, 49], [48, 50], [56, 61], [67, 68], [67, 69], [75, 77], [97, 99]], "missing_branches": [[56, 57], [75, 76], [97, 98]], "functions": {"DatasetInfo.validate_url": {"executed_lines": [48, 49, 50], "summary": {"covered_lines": 3, "num_statements": 3, "percent_covered": 100.0, "percent_covered_display": "100.00", "missing_lines": 0, "excluded_lines": 0, "percent_statements_covered": 100.0, "percent_statements_covered_display": "100.00", "num_branches": 2, "num_partial_branches": 0, "covered_branches": 2, "missing_branches": 0, "percent_branches_covered": 100.0, "percent_branches_covered_display": "100.00"}, "missing_lines": [], "excluded_lines": [], "start_line": 46, "executed_branches": [[48, 49], [48, 50]], "missing_branches": []}, "DatasetInfo.validate_name": {"executed_lines": [56, 61], "summary": {"covered_lines": 2, "num_statements": 3, "percent_covered": 60.0, "percent_covered_display": "60.00", "missing_lines": 1, "excluded_lines": 0, "percent_statements_covered": 66.66666666666667, "percent_statements_covered_display": "66.67", "num_branches": 2, "num_partial_branches": 1, "covered_branches": 1, "missing_branches": 1, "percent_branches_covered": 50.0, "percent_branches_covered_display": "50.00"}, "missing_lines": [57], "excluded_lines": [], "start_line": 54, "executed_branches": [[56, 61]], "missing_branches": [[56, 57]]}, "DatasetInfo.validate_source": {"executed_lines": [67, 68, 69], "summary": {"covered_lines": 3, "num_statements": 3, "percent_covered": 100.0, "percent_covered_display": "100.00", "missing_lines": 0, "excluded_lines": 0, "percent_statements_covered": 100.0, "percent_statements_covered_display": "100.00", "num_branches": 2, "num_partial_branches": 0, "covered_branches": 2, "missing_branches": 0, "percent_branches_covered": 100.0, "percent_branches_covered_display": "100.00"}, "missing_lines": [], "excluded_lines": [], "start_line": 65, "executed_branches": [[67, 68], [67, 69]], "missing_branches": []}, "DatasetInfo.validate_category": {"executed_lines": [75, 77], "summary": {"covered_lines": 2, "num_statements": 3, "percent_covered": 60.0, "percent_covered_display": "60.00", "missing_lines": 1, "excluded_lines": 0, "percent_statements_covered": 66.66666666666667, "percent_statements_covered_display": "66.67", "num_branches": 2, "num_partial_branches": 1, "covered_branches": 1, "missing_branches": 1, "percent_branches_covered": 50.0, "percent_branches_covered_display": "50.00"}, "missing_lines": [76], "excluded_lines": [], "start_line": 73, "executed_branches": [[75, 77]], "missing_branches": [[75, 76]]}, "Dataset.validate_path": {"executed_lines": [97, 99], "summary": {"covered_lines": 2, "num_statements": 3, "percent_covered": 60.0, "percent_covered_display": "60.00", "missing_lines": 1, "excluded_lines": 0, "percent_statements_covered": 66.66666666666667, "percent_statements_covered_display": "66.67", "num_branches": 2, "num_partial_branches": 1, "covered_branches": 1, "missing_branches": 1, "percent_branches_covered": 50.0, "percent_branches_covered_display": "50.00"}, "missing_lines": [98], "excluded_lines": [], "start_line": 95, "executed_branches": [[97, 99]], "missing_branches": [[97, 98]]}, "DatasetLoader.load": {"executed_lines": [], "summary": {"covered_lines": 0, "num_statements": 0, "percent_covered": 100.0, "percent_covered_display": "100.00", "missing_lines": 0, "excluded_lines": 11, "percent_statements_covered": 100.0, "percent_statements_covered_display": "100.00", "num_branches": 0, "num_partial_branches": 0, "covered_branches": 0, "missing_branches": 0, "percent_branches_covered": 100.0, "percent_branches_covered_display": "100.00"}, "missing_lines": [], "excluded_lines": [113, 114, 115, 116, 117, 118, 119, 120, 121, 122, 123], "start_line": 112, "executed_branches": [], "missing_branches": []}, "DatasetLoader.get_format": {"executed_lines": [], "summary": {"covered_lines": 0, "num_statements": 0, "percent_covered": 100.0, "percent_covered_display": "100.00", "missing_lines": 0, "excluded_lines": 6, "percent_statements_covered": 100.0, "percent_statements_covered_display": "100.00", "num_branches": 0, "num_partial_branches": 0, "covered_branches": 0, "missing_branches": 0, "percent_branches_covered": 100.0, "percent_branches_covered_display": "100.00"}, "missing_lines": [], "excluded_lines": [127, 128, 129, 130, 131, 132], "start_line": 126, "executed_branches": [], "missing_branches": []}, "": {"executed_lines": [3, 4, 5, 7, 13, 31, 32, 33, 34, 35, 36, 37, 38, 39, 40, 41, 42, 44, 45, 46, 52, 53, 54, 63, 64, 65, 71, 72, 73, 79, 82, 90, 91, 93, 94, 95, 101, 104], "summary": {"covered_lines": 38, "num_statements": 38, "percent_covered": 100.0, "percent_covered_display": "100.00", "missing_lines": 0, "excluded_lines": 6, "percent_statements_covered": 100.0, "percent_statements_covered_display": "100.00", "num_branches": 0, "num_partial_branches": 0, "covered_branches": 0, "missing_branches": 0, "percent_branches_covered": 100.0, "percent_branches_covered_display": "100.00"}, "missing_lines": [], "excluded_lines": [9, 10, 111, 112, 125, 126], "start_line": 1, "executed_branches": [], "missing_branches": []}}, "classes": {"DatasetInfo": {"executed_lines": [48, 49, 50, 56, 61, 67, 68, 69, 75, 77], "summary": {"covered_lines": 10, "num_statements": 12, "percent_covered": 80.0, "percent_covered_display": "80.00", "missing_lines": 2, "excluded_lines": 0, "percent_statements_covered": 83.33333333333333, "percent_statements_covered_display": "83.33", "num_branches": 8, "num_partial_branches": 2, "covered_branches": 6, "missing_branches": 2, "percent_branches_covered": 75.0, "percent_branches_covered_display": "75.00"}, "missing_lines": [57, 76], "excluded_lines": [], "start_line": 13, "executed_branches": [[48, 49], [48, 50], [56, 61], [67, 68], [67, 69], [75, 77]], "missing_branches": [[56, 57], [75, 76]]}, "Dataset": {"executed_lines": [97, 99], "summary": {"covered_lines": 2, "num_statements": 3, "percent_covered": 60.0, "percent_covered_display": "60.00", "missing_lines": 1, "excluded_lines": 0, "percent_statements_covered": 66.66666666666667, "percent_statements_covered_display": "66.67", "num_branches": 2, "num_partial_branches": 1, "covered_branches": 1, "missing_branches": 1, "percent_branches_covered": 50.0, "percent_branches_covered_display": "50.00"}, "missing_lines": [98], "excluded_lines": [], "start_line": 82, "executed_branches": [[97, 99]], "missing_branches": [[97, 98]]}, "DatasetLoader": {"executed_lines": [], "summary": {"covered_lines": 0, "num_statements": 0, "percent_covered": 100.0, "percent_covered_display": "100.00", "missing_lines": 0, "excluded_lines": 17, "percent_statements_covered": 100.0, "percent_statements_covered_display": "100.00", "num_branches": 0, "num_partial_branches": 0, "covered_branches": 0, "missing_branches": 0, "percent_branches_covered": 100.0, "percent_branches_covered_display": "100.00"}, "missing_lines": [], "excluded_lines": [113, 114, 115, 116, 117, 118, 119, 120, 121, 122, 123, 127, 128, 129, 130, 131, 132], "start_line": 104, "executed_branches": [], "missing_branches": []}, "": {"executed_lines": [3, 4, 5, 7, 13, 31, 32, 33, 34, 35, 36, 37, 38, 39, 40, 41, 42, 44, 45, 46, 52, 53, 54, 63, 64, 65, 71, 72, 73, 79, 82, 90, 91, 93, 94, 95, 101, 104], "summary": {"covered_lines": 38, "num_statements": 38, "percent_covered": 100.0, "percent_covered_display": "100.00", "missing_lines": 0, "excluded_lines": 6, "percent_statements_covered": 100.0, "percent_statements_covered_display": "100.00", "num_branches": 0, "num_partial_branches": 0, "covered_branches": 0, "missing_branches": 0, "percent_branches_covered": 100.0, "percent_branches_covered_display": "100.00"}, "missing_lines": [], "excluded_lines": [9, 10, 111, 112, 125, 126], "start_line": 1, "executed_branches": [], "missing_branches": []}}}, "src/graphforge/datasets/exporters/json_graph.py": {"executed_lines": [7, 8, 9, 11, 13, 14, 20, 38, 51, 52, 53, 54, 55, 56, 57, 58, 59, 60, 63, 65, 66, 68, 69, 71, 72, 74, 75, 78, 80, 81, 82, 85, 87, 88, 89, 90, 91, 93, 95, 96, 97, 98, 99, 104, 116, 130, 133, 134, 136, 137, 138, 141, 142, 144, 149, 150, 151, 152, 153, 155, 158, 159, 162, 168, 169, 170, 173, 176, 180, 181, 184, 185, 188, 189, 190, 191, 192, 193, 195, 206, 214, 242, 243], "summary": {"covered_lines": 83, "num_statements": 85, "percent_covered": 94.73684210526316, "percent_covered_display": "94.74", "missing_lines": 2, "excluded_lines": 0, "percent_statements_covered": 97.6470588235294, "percent_statements_covered_display": "97.65", "num_branches": 48, "num_partial_branches": 5, "covered_branches": 43, "missing_branches": 5, "percent_branches_covered": 89.58333333333333, "percent_branches_covered_display": "89.58"}, "missing_lines": [101, 146], "excluded_lines": [], "executed_branches": [[51, 52], [51, 53], [53, 54], [53, 55], [55, 56], [55, 57], [57, 58], [57, 59], [59, 60], [59, 63], [63, 65], [63, 66], [66, 68], [66, 69], [69, 71], [69, 72], [72, 74], [72, 78], [78, 80], [78, 81], [81, 82], [81, 85], [85, 87], [85, 93], [88, 89], [88, 91], [93, 95], [96, 97], [96, 99], [136, 137], [136, 162], [142, 144], [150, 151], [151, 152], [151, 155], [152, 153], [169, 170], [169, 206], [190, 191], [190, 195], [191, 192], [191, 195], [192, 193]], "missing_branches": [[93, 101], [142, 146], [150, 155], [152, 151], [192, 191]], "functions": {"cypher_value_to_property_value": {"executed_lines": [51, 52, 53, 54, 55, 56, 57, 58, 59, 60, 63, 65, 66, 68, 69, 71, 72, 74, 75, 78, 80, 81, 82, 85, 87, 88, 89, 90, 91, 93, 95, 96, 97, 98, 99], "summary": {"covered_lines": 35, "num_statements": 36, "percent_covered": 96.96969696969697, "percent_covered_display": "96.97", "missing_lines": 1, "excluded_lines": 0, "percent_statements_covered": 97.22222222222223, "percent_statements_covered_display": "97.22", "num_branches": 30, "num_partial_branches": 1, "covered_branches": 29, "missing_branches": 1, "percent_branches_covered": 96.66666666666667, "percent_branches_covered_display": "96.67"}, "missing_lines": [101], "excluded_lines": [], "start_line": 38, "executed_branches": [[51, 52], [51, 53], [53, 54], [53, 55], [55, 56], [55, 57], [57, 58], [57, 59], [59, 60], [59, 63], [63, 65], [63, 66], [66, 68], [66, 69], [69, 71], [69, 72], [72, 74], [72, 78], [78, 80], [78, 81], [81, 82], [81, 85], [85, 87], [85, 93], [88, 89], [88, 91], [93, 95], [96, 97], [96, 99]], "missing_branches": [[93, 101]]}, "JSONGraphExporter.export": {"executed_lines": [130, 133, 134, 136, 137, 138, 141, 142, 144, 149, 150, 151, 152, 153, 155, 158, 159, 162, 168, 169, 170, 173, 176, 180, 181, 184, 185, 188, 189, 190, 191, 192, 193, 195, 206, 214, 242, 243], "summary": {"covered_lines": 38, "num_statements": 39, "percent_covered": 91.228070
[...]
nches": 10, "num_partial_branches": 0, "covered_branches": 10, "missing_branches": 0, "percent_branches_covered": 100.0, "percent_branches_covered_display": "100.00"}, "missing_lines": [], "excluded_lines": [], "start_line": 340, "executed_branches": [[350, 352], [350, 361], [354, 356], [354, 360], [361, 363], [361, 372], [366, 367], [366, 368], [368, 369], [368, 370]], "missing_branches": []}, "CypherPoint.__repr__": {"executed_lines": [], "summary": {"covered_lines": 0, "num_statements": 0, "percent_covered": 100.0, "percent_covered_display": "100.00", "missing_lines": 0, "excluded_lines": 1, "percent_statements_covered": 100.0, "percent_statements_covered_display": "100.00", "num_branches": 0, "num_partial_branches": 0, "covered_branches": 0, "missing_branches": 0, "percent_branches_covered": 100.0, "percent_branches_covered_display": "100.00"}, "missing_lines": [], "excluded_lines": [380], "start_line": 379, "executed_branches": [], "missing_branches": []}, "CypherDistance.__init__": {"executed_lines": [399, 400, 401], "summary": {"covered_lines": 3, "num_statements": 3, "percent_covered": 100.0, "percent_covered_display": "100.00", "missing_lines": 0, "excluded_lines": 0, "percent_statements_covered": 100.0, "percent_statements_covered_display": "100.00", "num_branches": 2, "num_partial_branches": 0, "covered_branches": 2, "missing_branches": 0, "percent_branches_covered": 100.0, "percent_branches_covered_display": "100.00"}, "missing_lines": [], "excluded_lines": [], "start_line": 390, "executed_branches": [[399, 400], [399, 401]], "missing_branches": []}, "CypherDistance.__repr__": {"executed_lines": [], "summary": {"covered_lines": 0, "num_statements": 0, "percent_covered": 100.0, "percent_covered_display": "100.00", "missing_lines": 0, "excluded_lines": 1, "percent_statements_covered": 100.0, "percent_statements_covered_display": "100.00", "num_branches": 0, "num_partial_branches": 0, "covered_branches": 0, "missing_branches": 0, "percent_branches_covered": 100.0, "percent_branches_covered_display": "100.00"}, "missing_lines": [], "excluded_lines": [404], "start_line": 403, "executed_branches": [], "missing_branches": []}, "CypherList.__init__": {"executed_lines": [411], "summary": {"covered_lines": 1, "num_statements": 1, "percent_covered": 100.0, "percent_covered_display": "100.00", "missing_lines": 0, "excluded_lines": 0, "percent_statements_covered": 100.0, "percent_statements_covered_display": "100.00", "num_branches": 0, "num_partial_branches": 0, "covered_branches": 0, "missing_branches": 0, "percent_branches_covered": 100.0, "percent_branches_covered_display": "100.00"}, "missing_lines": [], "excluded_lines": [], "start_line": 410, "executed_branches": [], "missing_branches": []}, "CypherMap.__init__": {"executed_lines": [418], "summary": {"covered_lines": 1, "num_statements": 1, "percent_covered": 100.0, "percent_covered_display": "100.00", "missing_lines": 0, "excluded_lines": 0, "percent_statements_covered": 100.0, "percent_statements_covered_display": "100.00", "num_branches": 0, "num_partial_branches": 0, "covered_branches": 0, "missing_branches": 0, "percent_branches_covered": 100.0, "percent_branches_covered_display": "100.00"}, "missing_lines": [], "excluded_lines": [], "start_line": 417, "executed_branches": [], "missing_branches": []}, "CypherPath.__init__": {"executed_lines": [457, 460, 461, 462, 463, 466, 467, 468, 469, 475, 476, 477, 480, 481, 483, 484, 491, 492, 495], "summary": {"covered_lines": 19, "num_statements": 19, "percent_covered": 100.0, "percent_covered_display": "100.00", "missing_lines": 0, "excluded_lines": 0, "percent_statements_covered": 100.0, "percent_statements_covered_display": "100.00", "num_branches": 12, "num_partial_branches": 0, "covered_branches": 12, "missing_branches": 0, "percent_branches_covered": 100.0, "percent_branches_covered_display": "100.00"}, "missing_lines": [], "excluded_lines": [], "start_line": 447, "executed_branches": [[460, 461], [460, 462], [462, 463], [462, 466], [466, 467], [466, 468], [468, 469], [468, 475], [475, 476], [475, 491], [483, 475], [483, 484]], "missing_branches": []}, "CypherPath.length": {"executed_lines": [499], "summary": {"covered_lines": 1, "num_statements": 1, "percent_covered": 100.0, "percent_covered_display": "100.00", "missing_lines": 0, "excluded_lines": 0, "percent_statements_covered": 100.0, "percent_statements_covered_display": "100.00", "num_branches": 0, "num_partial_branches": 0, "covered_branches": 0, "missing_branches": 0, "percent_branches_covered": 100.0, "percent_branches_covered_display": "100.00"}, "missing_lines": [], "excluded_lines": [], "start_line": 497, "executed_branches": [], "missing_branches": []}, "CypherPath.__repr__": {"executed_lines": [], "summary": {"covered_lines": 0, "num_statements": 0, "percent_covered": 100.0, "percent_covered_display": "100.00", "missing_lines": 0, "excluded_lines": 3, "percent_statements_covered": 100.0, "percent_statements_covered_display": "100.00", "num_branches": 0, "num_partial_branches": 0, "covered_branches": 0, "missing_branches": 0, "percent_branches_covered": 100.0, "percent_branches_covered_display": "100.00"}, "missing_lines": [], "excluded_lines": [502, 503, 504], "start_line": 501, "executed_branches": [], "missing_branches": []}, "from_python": {"executed_lines": [519, 520, 521, 522, 523, 524, 525, 526, 527, 528, 530, 531, 532, 533, 534, 535, 536, 537, 539, 540, 541, 542, 544], "summary": {"covered_lines": 23, "num_statements": 23, "percent_covered": 100.0, "percent_covered_display": "100.00", "missing_lines": 0, "excluded_lines": 0, "percent_statements_covered": 100.0, "percent_statements_covered_display": "100.00", "num_branches": 22, "num_partial_branches": 0, "covered_branches": 22, "missing_branches": 0, "percent_branches_covered": 100.0, "percent_branches_covered_display": "100.00"}, "missing_lines": [], "excluded_lines": [], "start_line": 507, "executed_branches": [[519, 520], [519, 521], [521, 522], [521, 523], [523, 524], [523, 525], [525, 526], [525, 527], [527, 528], [527, 530], [530, 531], [530, 532], [532, 533], [532, 534], [534, 535], [534, 536], [536, 537], [536, 539], [539, 540], [539, 541], [541, 542], [541, 544]], "missing_branches": []}, "": {"executed_lines": [14, 15, 16, 18, 19, 25, 28, 29, 30, 31, 32, 33, 34, 35, 36, 37, 38, 39, 40, 41, 44, 52, 56, 81, 130, 134, 143, 195, 215, 218, 222, 225, 229, 232, 236, 239, 243, 246, 250, 256, 270, 277, 287, 294, 309, 318, 329, 340, 383, 390, 407, 410, 414, 417, 421, 447, 497, 507], "summary": {"covered_lines": 58, "num_statements": 58, "percent_covered": 100.0, "percent_covered_display": "100.00", "missing_lines": 0, "excluded_lines": 10, "percent_statements_covered": 100.0, "percent_statements_covered_display": "100.00", "num_branches": 0, "num_partial_branches": 0, "covered_branches": 0, "missing_branches": 0, "percent_branches_covered": 100.0, "percent_branches_covered_display": "100.00"}, "missing_lines": [], "excluded_lines": [21, 22, 211, 266, 283, 305, 325, 379, 403, 501], "start_line": 1, "executed_branches": [], "missing_branches": []}}, "classes": {"CypherType": {"executed_lines": [], "summary": {"covered_lines": 0, "num_statements": 0, "percent_covered": 100.0, "percent_covered_display": "100.00", "missing_lines": 0, "excluded_lines": 0, "percent_statements_covered": 100.0, "percent_statements_covered_display": "100.00", "num_branches": 0, "num_partial_branches": 0, "covered_branches": 0, "missing_branches": 0, "percent_branches_covered": 100.0, "percent_branches_covered_display": "100.00"}, "missing_lines": [], "excluded_lines": [], "start_line": 25, "executed_branches": [], "missing_branches": []}, "CypherValue": {"executed_lines": [53, 54, 65, 66, 69, 70, 73, 74, 75, 76, 79, 89, 90, 93, 94, 97, 98, 101, 102, 105, 106, 107, 108, 109, 110, 111, 112, 113, 115, 116, 118, 121, 123, 124, 125, 128, 132, 136, 145, 146, 147, 148, 149, 150, 151, 152, 153, 154, 156, 157, 158, 159, 160, 161, 162, 163, 164, 165, 167, 170, 172, 173, 174, 178, 179, 182, 183, 184, 187, 188, 189, 191, 197, 198, 199, 200, 201, 202, 203, 205, 206, 209], "summary": {"covered_lines": 82, "num_statements": 87, "percent_covered": 93.93939393939394, "percent_covered_display": "93.94", "missing_lines": 5, "excluded_lines": 1, "percent_statements_covered": 94.25287356321839, "percent_statements_covered_display": "94.25", "num_branches": 78, "num_partial_branches": 5, "covered_branches": 73, "missing_branches": 5, "percent_branches_covered": 93.58974358974359, "percent_branches_covered_display": "93.59"}, "missing_lines": [114, 171, 175, 193, 207], "excluded_lines": [212], "start_line": 44, "executed_branches": [[65, 66], [65, 69], [69, 70], [69, 73], [73, 74], [73, 79], [74, 75], [74, 76], [89, 90], [89, 93], [93, 94], [93, 97], [97, 98], [97, 101], [101, 102], [101, 105], [105, 106], [105, 121], [106, 107], [106, 118], [108, 109], [108, 110], [110, 111], [110, 112], [113, 115], [115, 106], [115, 116], [121, 123], [121, 128], [123, 124], [123, 125], [145, 146], [145, 156], [146, 147], [146, 148], [148, 149], [148, 154], [150, 151], [150, 152], [152, 148], [152, 153], [156, 157], [156, 167], [157, 158], [157, 159], [159, 160], [159, 165], [161, 162], [161, 163], [163, 159], [163, 164], [167, 170], [170, 172], [174, 178], [178, 179], [178, 182], [182, 183], [182, 187], [183, 182], [183, 184], [187, 188], [187, 191], [188, 187], [188, 189], [197, 198], [197, 199], [199, 200], [199, 201], [201, 202], [201, 203], [203, 205], [203, 209], [205, 206]], "missing_branches": [[113, 114], [167, 193], [170, 171], [174, 175], [205, 207]]}, "CypherNull": {"executed_lines": [219], "summary": {"covered_lines": 1, "num_statements": 1, "percent_covered": 100.0, "percent_covered_display": "100.00", "missing_lines": 0, "excluded_lines": 0, "percent_statements_covered": 100.0, "percent_statements_covered_display": "100.00", "num_branches": 0, "num_partial_branches": 0, "covered_branches": 0, "missing_branches": 0, "percent_branches_covered": 100.0, "percent_branches_covered_display": "100.00"}, "missing_lines": [], "excluded_lines": [], "start_line": 215, "executed_branches": [], "missing_branches": []}, "CypherBool": {"executed_lines": [226], "summary": {"covered_lines": 1, "num_statements": 1, "percent_covered": 100.0, "percent_covered_display": "100.00", "missing_lines": 0, "excluded_lines": 0, "percent_statements_covered": 100.0, "percent_statements_covered_display": "100.00", "num_branches": 0, "num_partial_branches": 0, "covered_branches": 0, "missing_branches": 0, "percent_branches_covered": 100.0, "percent_branches_covered_display": "100.00"}, "missing_lines": [], "excluded_lines": [], "start_line": 222, "executed_branches": [], "missing_branches": []}, "CypherInt": {"executed_lines": [233], "summary": {"covered_lines": 1, "num_statements": 1, "percent_covered": 100.0, "percent_covered_display": "100.00", "missing_lines": 0, "excluded_lines": 0, "percent_statements_covered": 100.0, "percent_statements_covered_display": "100.00", "num_branches": 0, "num_partial_branches": 0, "covered_branches": 0, "missing_branches": 0, "percent_branches_covered": 100.0, "percent_branches_covered_display": "100.00"}, "missing_lines": [], "excluded_lines": [], "start_line": 229, "executed_branches": [], "missing_branches": []}, "CypherFloat": {"executed_lines": [240], "summary": {"covered_lines": 1, "num_statements": 1, "percent_covered": 100.0, "percent_covered_display": "100.00", "missing_lines": 0, "excluded_lines": 0, "percent_statements_covered": 100.0, "percent_statements_covered_display": "100.00", "num_branches": 0, "num_partial_branches": 0, "covered_branches": 0, "missing_branches": 0, "percent_branches_covered": 100.0, "percent_branches_covered_display": "100.00"}, "missing_lines": [], "excluded_lines": [], "start_line": 236, "executed_branches": [], "missing_branches": []}, "CypherString": {"executed_lines": [247], "summary": {"covered_lines": 1, "num_statements": 1, "percent_covered": 100.0, "percent_covered_display": "100.00", "missing_lines": 0, "excluded_lines": 0, "percent_statements_covered": 100.0, "percent_statements_covered_display": "100.00", "num_branches": 0, "num_partial_branches": 0, "covered_branches": 0, "missing_branches": 0, "percent_branches_covered": 100.0, "percent_branches_covered_display": "100.00"}, "missing_lines": [], "excluded_lines": [], "start_line": 243, "executed_branches": [], "missing_branches": []}, "CypherDate": {"executed_lines": [257, 259, 260, 261, 263, 264], "summary": {"covered_lines": 6, "num_statements": 6, "percent_covered": 100.0, "percent_covered_display": "100.00", "missing_lines": 0, "excluded_lines": 1, "percent_statements_covered": 100.0, "percent_statements_covered_display": "100.00", "num_branches": 4, "num_partial_branches": 0, "covered_branches": 4, "missing_branches": 0, "percent_branches_covered": 100.0, "percent_branches_covered_display": "100.00"}, "missing_lines": [], "excluded_lines": [267], "start_line": 250, "executed_branches": [[257, 259], [257, 261], [261, 263], [261, 264]], "missing_branches": []}, "CypherDateTime": {"executed_lines": [278, 280, 281], "summary": {"covered_lines": 3, "num_statements": 3, "percent_covered": 100.0, "percent_covered_display": "100.00", "missing_lines": 0, "excluded_lines": 1, "percent_statements_covered": 100.0, "percent_statements_covered_display": "100.00", "num_branches": 2, "num_partial_branches": 0, "covered_branches": 2, "missing_branches": 0, "percent_branches_covered": 100.0, "percent_branches_covered_display": "100.00"}, "missing_lines": [], "excluded_lines": [284], "start_line": 270, "executed_branches": [[278, 280], [278, 281]], "missing_branches": []}, "CypherTime": {"executed_lines": [295, 297, 299, 300, 302, 303], "summary": {"covered_lines": 6, "num_statements": 6, "percent_covered": 100.0, "percent_covered_display": "100.00", "missing_lines": 0, "excluded_lines": 1, "percent_statements_covered": 100.0, "percent_statements_covered_display": "100.00", "num_branches": 4, "num_partial_branches": 0, "covered_branches": 4, "missing_branches": 0, "percent_branches_covered": 100.0, "percent_branches_covered_display": "100.00"}, "missing_lines": [], "excluded_lines": [306], "start_line": 287, "executed_branches": [[295, 297], [295, 300], [300, 302], [300, 303]], "missing_branches": []}, "CypherDuration": {"executed_lines": [319, 322, 323], "summary": {"covered_lines": 3, "num_statements": 3, "percent_covered": 100.0, "percent_covered_display": "100.00", "missing_lines": 0, "excluded_lines": 1, "percent_statements_covered": 100.0, "percent_statements_covered_display": "100.00", "num_branches": 2, "num_partial_branches": 0, "covered_branches": 2, "missing_branches": 0, "percent_branches_covered": 100.0, "percent_branches_covered_display": "100.00"}, "missing_lines": [], "excluded_lines": [326], "start_line": 309, "executed_branches": [[319, 322], [319, 323]], "missing_branches": []}, "CypherPoint": {"executed_lines": [350, 352, 353, 354, 356, 357, 360, 361, 363, 364, 366, 367, 368, 369, 370, 372, 377], "summary": {"covered_lines": 17, "num_statements": 17, "percent_covered": 100.0, "percent_covered_display": "100.00", "missing_lines": 0, "excluded_lines": 1, "percent_statements_covered": 100.0, "percent_statements_covered_display": "100.00", "num_branches": 10, "num_partial_branches": 0, "covered_branches": 10, "missing_branches": 0, "percent_branches_covered": 100.0, "percent_branches_covered_display": "100.00"}, "missing_lines": [], "excluded_lines": [380], "start_line": 329, "executed_branches": [[350, 352], [350, 361], [354, 356], [354, 360], [361, 363], [361, 372], [366, 367], [366, 368], [368, 369], [368, 370]], "missing_branches": []}, "CypherDistance": {"executed_lines": [399, 400, 401], "summary": {"covered_lines": 3, "num_statements": 3, "percent_covered": 100.0, "percent_covered_display": "100.00", "missing_lines": 0, "excluded_lines": 1, "percent_statements_covered": 100.0, "percent_statements_covered_display": "100.00", "num_branches": 2, "num_partial_branches": 0, "covered_branches": 2, "missing_branches": 0, "percent_branches_covered": 100.0, "percent_branches_covered_display": "100.00"}, "missing_lines": [], "excluded_lines": [404], "start_line": 383, "executed_branches": [[399, 400], [399, 401]], "missing_branches": []}, "CypherList": {"executed_lines": [411], "summary": {"covered_lines": 1, "num_statements": 1, "percent_covered": 100.0, "percent_covered_display": "100.00", "missing_lines": 0, "excluded_lines": 0, "percent_statements_covered": 100.0, "percent_statements_covered_display": "100.00", "num_branches": 0, "num_partial_branches": 0, "covered_branches": 0, "missing_branches": 0, "percent_branches_covered": 100.0, "percent_branches_covered_display": "100.00"}, "missing_lines": [], "excluded_lines": [], "start_line": 407, "executed_branches": [], "missing_branches": []}, "CypherMap": {"executed_lines": [418], "summary": {"covered_lines": 1, "num_statements": 1, "percent_covered": 100.0, "percent_covered_display": "100.00", "missing_lines": 0, "excluded_lines": 0, "percent_statements_covered": 100.0, "percent_statements_covered_display": "100.00", "num_branches": 0, "num_partial_branches": 0, "covered_branches": 0, "missing_branches": 0, "percent_branches_covered": 100.0, "percent_branches_covered_display": "100.00"}, "missing_lines": [], "excluded_lines": [], "start_line": 414, "executed_branches": [], "missing_branches": []}, "CypherPath": {"executed_lines": [457, 460, 461, 462, 463, 466, 467, 468, 469, 475, 476, 477, 480, 481, 483, 484, 491, 492, 495, 499], "summary": {"covered_lines": 20, "num_statements": 20, "percent_covered": 100.0, "percent_covered_display": "100.00", "missing_lines": 0, "excluded_lines": 3, "percent_statements_covered": 100.0, "percent_statements_covered_display": "100.00", "num_branches": 12, "num_partial_branches": 0, "covered_branches": 12, "missing_branches": 0, "percent_branches_covered": 100.0, "percent_branches_covered_display": "100.00"}, "missing_lines": [], "excluded_lines": [502, 503, 504], "start_line": 421, "executed_branches": [[460, 461], [460, 462], [462, 463], [462, 466], [466, 467], [466, 468], [468, 469], [468, 475], [475, 476], [475, 491], [483, 475], [483, 484]], "missing_branches": []}, "": {"executed_lines": [14, 15, 16, 18, 19, 25, 28, 29, 30, 31, 32, 33, 34, 35, 36, 37, 38, 39, 40, 41, 44, 52, 56, 81, 130, 134, 143, 195, 215, 218, 222, 225, 229, 232, 236, 239, 243, 246, 250, 256, 270, 277, 287, 294, 309, 318, 329, 340, 383, 390, 407, 410, 414, 417, 421, 447, 497, 507, 519, 520, 521, 522, 523, 524, 525, 526, 527, 528, 530, 531, 532, 533, 534, 535, 536, 537, 539, 540, 541, 542, 544], "summary": {"covered_lines": 81, "num_statements": 81, "percent_covered": 100.0, "percent_covered_display": "100.00", "missing_lines": 0, "excluded_lines": 10, "percent_statements_covered": 100.0, "percent_statements_covered_display": "100.00", "num_branches": 22, "num_partial_branches": 0, "covered_branches": 22, "missing_branches": 0, "percent_branches_covered": 100.0, "percent_branches_covered_display": "100.00"}, "missing_lines": [], "excluded_lines": [21, 22, 211, 266, 283, 305, 325, 379, 403, 501], "start_line": 1, "executed_branches": [[519, 520], [519, 521], [521, 522], [521, 523], [523, 524], [523, 525], [525, 526], [525, 527], [527, 528], [527, 530], [530, 531], [530, 532], [532, 533], [532, 534], [534, 535], [534, 536], [536, 537], [536, 539], [539, 540], [539, 541], [541, 542], [541, 544]], "missing_branches": []}}}}, "totals": {"covered_lines": 5846, "num_statements": 6319, "percent_covered": 90.7920486146874, "percent_covered_display": "90.79", "missing_lines": 473, "excluded_lines": 64, "percent_statements_covered": 92.51463839215066, "percent_statements_covered_display": "92.51", "num_branches": 3390, "num_partial_branches": 339, "covered_branches": 2969, "missing_branches": 421, "percent_branches_covered": 87.5811209439528, "percent_branches_covered_display": "87.58"}}